nohup: ignoring input
using port 43216
I am local rank 0. 2 GPUs are available. The world size is 2.Setting device to cuda
worker 0 oversample 0.0
worker 0 batch_size 2

#######################################################################
Please cite the following paper when using nnU-Net:
Isensee, F., Jaeger, P. F., Kohl, S. A., Petersen, J., & Maier-Hein, K. H. (2021). nnU-Net: a self-configuring method for deep learning-based biomedical image segmentation. Nature methods, 18(2), 203-211.
#######################################################################

UMambaEnc: UMambaEnc(
  (encoder): ResidualMambaEncoder(
    (stem): StackedConvBlocks(
      (convs): Sequential(
        (0): ConvDropoutNormReLU(
          (conv): Conv3d(3, 32, kernel_size=(3, 3, 3), stride=(1, 1, 1), padding=(1, 1, 1))
          (norm): InstanceNorm3d(32, eps=1e-05, momentum=0.1, affine=True, track_running_stats=False)
          (nonlin): LeakyReLU(negative_slope=0.01, inplace=True)
          (all_modules): Sequential(
            (0): Conv3d(3, 32, kernel_size=(3, 3, 3), stride=(1, 1, 1), padding=(1, 1, 1))
            (1): InstanceNorm3d(32, eps=1e-05, momentum=0.1, affine=True, track_running_stats=False)
            (2): LeakyReLU(negative_slope=0.01, inplace=True)
          )
        )
      )
    )
    (stages): ModuleList(
      (0): StackedResidualBlocks(
        (blocks): Sequential(
          (0): BasicBlockD(
            (conv1): ConvDropoutNormReLU(
              (conv): Conv3d(32, 32, kernel_size=(3, 3, 3), stride=(1, 1, 1), padding=(1, 1, 1))
              (norm): InstanceNorm3d(32, eps=1e-05, momentum=0.1, affine=True, track_running_stats=False)
              (nonlin): LeakyReLU(negative_slope=0.01, inplace=True)
              (all_modules): Sequential(
                (0): Conv3d(32, 32, kernel_size=(3, 3, 3), stride=(1, 1, 1), padding=(1, 1, 1))
                (1): InstanceNorm3d(32, eps=1e-05, momentum=0.1, affine=True, track_running_stats=False)
                (2): LeakyReLU(negative_slope=0.01, inplace=True)
              )
            )
            (conv2): ConvDropoutNormReLU(
              (conv): Conv3d(32, 32, kernel_size=(3, 3, 3), stride=(1, 1, 1), padding=(1, 1, 1))
              (norm): InstanceNorm3d(32, eps=1e-05, momentum=0.1, affine=True, track_running_stats=False)
              (all_modules): Sequential(
                (0): Conv3d(32, 32, kernel_size=(3, 3, 3), stride=(1, 1, 1), padding=(1, 1, 1))
                (1): InstanceNorm3d(32, eps=1e-05, momentum=0.1, affine=True, track_running_stats=False)
              )
            )
            (nonlin2): LeakyReLU(negative_slope=0.01, inplace=True)
          )
          (1): BasicBlockD(
            (conv1): ConvDropoutNormReLU(
              (conv): Conv3d(32, 32, kernel_size=(3, 3, 3), stride=(1, 1, 1), padding=(1, 1, 1))
              (norm): InstanceNorm3d(32, eps=1e-05, momentum=0.1, affine=True, track_running_stats=False)
              (nonlin): LeakyReLU(negative_slope=0.01, inplace=True)
              (all_modules): Sequential(
                (0): Conv3d(32, 32, kernel_size=(3, 3, 3), stride=(1, 1, 1), padding=(1, 1, 1))
                (1): InstanceNorm3d(32, eps=1e-05, momentum=0.1, affine=True, track_running_stats=False)
                (2): LeakyReLU(negative_slope=0.01, inplace=True)
              )
            )
            (conv2): ConvDropoutNormReLU(
              (conv): Conv3d(32, 32, kernel_size=(3, 3, 3), stride=(1, 1, 1), padding=(1, 1, 1))
              (norm): InstanceNorm3d(32, eps=1e-05, momentum=0.1, affine=True, track_running_stats=False)
              (all_modules): Sequential(
                (0): Conv3d(32, 32, kernel_size=(3, 3, 3), stride=(1, 1, 1), padding=(1, 1, 1))
                (1): InstanceNorm3d(32, eps=1e-05, momentum=0.1, affine=True, track_running_stats=False)
              )
            )
            (nonlin2): LeakyReLU(negative_slope=0.01, inplace=True)
          )
        )
      )
      (1): StackedResidualBlocks(
        (blocks): Sequential(
          (0): BasicBlockD(
            (conv1): ConvDropoutNormReLU(
              (conv): Conv3d(32, 64, kernel_size=(3, 3, 3), stride=(2, 2, 2), padding=(1, 1, 1))
              (norm): InstanceNorm3d(64, eps=1e-05, momentum=0.1, affine=True, track_running_stats=False)
              (nonlin): LeakyReLU(negative_slope=0.01, inplace=True)
              (all_modules): Sequential(
                (0): Conv3d(32, 64, kernel_size=(3, 3, 3), stride=(2, 2, 2), padding=(1, 1, 1))
                (1): InstanceNorm3d(64, eps=1e-05, momentum=0.1, affine=True, track_running_stats=False)
                (2): LeakyReLU(negative_slope=0.01, inplace=True)
              )
            )
            (conv2): ConvDropoutNormReLU(
              (conv): Conv3d(64, 64, kernel_size=(3, 3, 3), stride=(1, 1, 1), padding=(1, 1, 1))
              (norm): InstanceNorm3d(64, eps=1e-05, momentum=0.1, affine=True, track_running_stats=False)
              (all_modules): Sequential(
                (0): Conv3d(64, 64, kernel_size=(3, 3, 3), stride=(1, 1, 1), padding=(1, 1, 1))
                (1): InstanceNorm3d(64, eps=1e-05, momentum=0.1, affine=True, track_running_stats=False)
              )
            )
            (nonlin2): LeakyReLU(negative_slope=0.01, inplace=True)
            (skip): Sequential(
              (0): AvgPool3d(kernel_size=[2, 2, 2], stride=[2, 2, 2], padding=0)
              (1): ConvDropoutNormReLU(
                (conv): Conv3d(32, 64, kernel_size=(1, 1, 1), stride=(1, 1, 1), bias=False)
                (norm): InstanceNorm3d(64, eps=1e-05, momentum=0.1, affine=True, track_running_stats=False)
                (all_modules): Sequential(
                  (0): Conv3d(32, 64, kernel_size=(1, 1, 1), stride=(1, 1, 1), bias=False)
                  (1): InstanceNorm3d(64, eps=1e-05, momentum=0.1, affine=True, track_running_stats=False)
                )
              )
            )
          )
          (1): BasicBlockD(
            (conv1): ConvDropoutNormReLU(
              (conv): Conv3d(64, 64, kernel_size=(3, 3, 3), stride=(1, 1, 1), padding=(1, 1, 1))
              (norm): InstanceNorm3d(64, eps=1e-05, momentum=0.1, affine=True, track_running_stats=False)
              (nonlin): LeakyReLU(negative_slope=0.01, inplace=True)
              (all_modules): Sequential(
                (0): Conv3d(64, 64, kernel_size=(3, 3, 3), stride=(1, 1, 1), padding=(1, 1, 1))
                (1): InstanceNorm3d(64, eps=1e-05, momentum=0.1, affine=True, track_running_stats=False)
                (2): LeakyReLU(negative_slope=0.01, inplace=True)
              )
            )
            (conv2): ConvDropoutNormReLU(
              (conv): Conv3d(64, 64, kernel_size=(3, 3, 3), stride=(1, 1, 1), padding=(1, 1, 1))
              (norm): InstanceNorm3d(64, eps=1e-05, momentum=0.1, affine=True, track_running_stats=False)
              (all_modules): Sequential(
                (0): Conv3d(64, 64, kernel_size=(3, 3, 3), stride=(1, 1, 1), padding=(1, 1, 1))
                (1): InstanceNorm3d(64, eps=1e-05, momentum=0.1, affine=True, track_running_stats=False)
              )
            )
            (nonlin2): LeakyReLU(negative_slope=0.01, inplace=True)
          )
        )
      )
      (2): StackedResidualBlocks(
        (blocks): Sequential(
          (0): BasicBlockD(
            (conv1): ConvDropoutNormReLU(
              (conv): Conv3d(64, 128, kernel_size=(3, 3, 3), stride=(2, 2, 2), padding=(1, 1, 1))
              (norm): InstanceNorm3d(128, eps=1e-05, momentum=0.1, affine=True, track_running_stats=False)
              (nonlin): LeakyReLU(negative_slope=0.01, inplace=True)
              (all_modules): Sequential(
                (0): Conv3d(64, 128, kernel_size=(3, 3, 3), stride=(2, 2, 2), padding=(1, 1, 1))
                (1): InstanceNorm3d(128, eps=1e-05, momentum=0.1, affine=True, track_running_stats=False)
                (2): LeakyReLU(negative_slope=0.01, inplace=True)
              )
            )
            (conv2): ConvDropoutNormReLU(
              (conv): Conv3d(128, 128, kernel_size=(3, 3, 3), stride=(1, 1, 1), padding=(1, 1, 1))
              (norm): InstanceNorm3d(128, eps=1e-05, momentum=0.1, affine=True, track_running_stats=False)
              (all_modules): Sequential(
                (0): Conv3d(128, 128, kernel_size=(3, 3, 3), stride=(1, 1, 1), padding=(1, 1, 1))
                (1): InstanceNorm3d(128, eps=1e-05, momentum=0.1, affine=True, track_running_stats=False)
              )
            )
            (nonlin2): LeakyReLU(negative_slope=0.01, inplace=True)
            (skip): Sequential(
              (0): AvgPool3d(kernel_size=[2, 2, 2], stride=[2, 2, 2], padding=0)
              (1): ConvDropoutNormReLU(
                (conv): Conv3d(64, 128, kernel_size=(1, 1, 1), stride=(1, 1, 1), bias=False)
                (norm): InstanceNorm3d(128, eps=1e-05, momentum=0.1, affine=True, track_running_stats=False)
                (all_modules): Sequential(
                  (0): Conv3d(64, 128, kernel_size=(1, 1, 1), stride=(1, 1, 1), bias=False)
                  (1): InstanceNorm3d(128, eps=1e-05, momentum=0.1, affine=True, track_running_stats=False)
                )
              )
            )
          )
          (1): BasicBlockD(
            (conv1): ConvDropoutNormReLU(
              (conv): Conv3d(128, 128, kernel_size=(3, 3, 3), stride=(1, 1, 1), padding=(1, 1, 1))
              (norm): InstanceNorm3d(128, eps=1e-05, momentum=0.1, affine=True, track_running_stats=False)
              (nonlin): LeakyReLU(negative_slope=0.01, inplace=True)
              (all_modules): Sequential(
                (0): Conv3d(128, 128, kernel_size=(3, 3, 3), stride=(1, 1, 1), padding=(1, 1, 1))
                (1): InstanceNorm3d(128, eps=1e-05, momentum=0.1, affine=True, track_running_stats=False)
                (2): LeakyReLU(negative_slope=0.01, inplace=True)
              )
            )
            (conv2): ConvDropoutNormReLU(
              (conv): Conv3d(128, 128, kernel_size=(3, 3, 3), stride=(1, 1, 1), padding=(1, 1, 1))
              (norm): InstanceNorm3d(128, eps=1e-05, momentum=0.1, affine=True, track_running_stats=False)
              (all_modules): Sequential(
                (0): Conv3d(128, 128, kernel_size=(3, 3, 3), stride=(1, 1, 1), padding=(1, 1, 1))
                (1): InstanceNorm3d(128, eps=1e-05, momentum=0.1, affine=True, track_running_stats=False)
              )
            )
            (nonlin2): LeakyReLU(negative_slope=0.01, inplace=True)
          )
        )
      )
      (3): StackedResidualBlocks(
        (blocks): Sequential(
          (0): BasicBlockD(
            (conv1): ConvDropoutNormReLU(
              (conv): Conv3d(128, 256, kernel_size=(3, 3, 3), stride=(2, 2, 2), padding=(1, 1, 1))
              (norm): InstanceNorm3d(256, eps=1e-05, momentum=0.1, affine=True, track_running_stats=False)
              (nonlin): LeakyReLU(negative_slope=0.01, inplace=True)
              (all_modules): Sequential(
                (0): Conv3d(128, 256, kernel_size=(3, 3, 3), stride=(2, 2, 2), padding=(1, 1, 1))
                (1): InstanceNorm3d(256, eps=1e-05, momentum=0.1, affine=True, track_running_stats=False)
                (2): LeakyReLU(negative_slope=0.01, inplace=True)
              )
            )
            (conv2): ConvDropoutNormReLU(
              (conv): Conv3d(256, 256, kernel_size=(3, 3, 3), stride=(1, 1, 1), padding=(1, 1, 1))
              (norm): InstanceNorm3d(256, eps=1e-05, momentum=0.1, affine=True, track_running_stats=False)
              (all_modules): Sequential(
                (0): Conv3d(256, 256, kernel_size=(3, 3, 3), stride=(1, 1, 1), padding=(1, 1, 1))
                (1): InstanceNorm3d(256, eps=1e-05, momentum=0.1, affine=True, track_running_stats=False)
              )
            )
            (nonlin2): LeakyReLU(negative_slope=0.01, inplace=True)
            (skip): Sequential(
              (0): AvgPool3d(kernel_size=[2, 2, 2], stride=[2, 2, 2], padding=0)
              (1): ConvDropoutNormReLU(
                (conv): Conv3d(128, 256, kernel_size=(1, 1, 1), stride=(1, 1, 1), bias=False)
                (norm): InstanceNorm3d(256, eps=1e-05, momentum=0.1, affine=True, track_running_stats=False)
                (all_modules): Sequential(
                  (0): Conv3d(128, 256, kernel_size=(1, 1, 1), stride=(1, 1, 1), bias=False)
                  (1): InstanceNorm3d(256, eps=1e-05, momentum=0.1, affine=True, track_running_stats=False)
                )
              )
            )
          )
          (1): BasicBlockD(
            (conv1): ConvDropoutNormReLU(
              (conv): Conv3d(256, 256, kernel_size=(3, 3, 3), stride=(1, 1, 1), padding=(1, 1, 1))
              (norm): InstanceNorm3d(256, eps=1e-05, momentum=0.1, affine=True, track_running_stats=False)
              (nonlin): LeakyReLU(negative_slope=0.01, inplace=True)
              (all_modules): Sequential(
                (0): Conv3d(256, 256, kernel_size=(3, 3, 3), stride=(1, 1, 1), padding=(1, 1, 1))
                (1): InstanceNorm3d(256, eps=1e-05, momentum=0.1, affine=True, track_running_stats=False)
                (2): LeakyReLU(negative_slope=0.01, inplace=True)
              )
            )
            (conv2): ConvDropoutNormReLU(
              (conv): Conv3d(256, 256, kernel_size=(3, 3, 3), stride=(1, 1, 1), padding=(1, 1, 1))
              (norm): InstanceNorm3d(256, eps=1e-05, momentum=0.1, affine=True, track_running_stats=False)
              (all_modules): Sequential(
                (0): Conv3d(256, 256, kernel_size=(3, 3, 3), stride=(1, 1, 1), padding=(1, 1, 1))
                (1): InstanceNorm3d(256, eps=1e-05, momentum=0.1, affine=True, track_running_stats=False)
              )
            )
            (nonlin2): LeakyReLU(negative_slope=0.01, inplace=True)
          )
        )
      )
      (4): StackedResidualBlocks(
        (blocks): Sequential(
          (0): BasicBlockD(
            (conv1): ConvDropoutNormReLU(
              (conv): Conv3d(256, 128, kernel_size=(3, 3, 3), stride=(2, 2, 2), padding=(1, 1, 1))
              (norm): InstanceNorm3d(128, eps=1e-05, momentum=0.1, affine=True, track_running_stats=False)
              (nonlin): LeakyReLU(negative_slope=0.01, inplace=True)
              (all_modules): Sequential(
                (0): Conv3d(256, 128, kernel_size=(3, 3, 3), stride=(2, 2, 2), padding=(1, 1, 1))
                (1): InstanceNorm3d(128, eps=1e-05, momentum=0.1, affine=True, track_running_stats=False)
                (2): LeakyReLU(negative_slope=0.01, inplace=True)
              )
            )
            (conv2): ConvDropoutNormReLU(
              (conv): Conv3d(128, 128, kernel_size=(3, 3, 3), stride=(1, 1, 1), padding=(1, 1, 1))
              (norm): InstanceNorm3d(128, eps=1e-05, momentum=0.1, affine=True, track_running_stats=False)
              (all_modules): Sequential(
                (0): Conv3d(128, 128, kernel_size=(3, 3, 3), stride=(1, 1, 1), padding=(1, 1, 1))
                (1): InstanceNorm3d(128, eps=1e-05, momentum=0.1, affine=True, track_running_stats=False)
              )
            )
            (nonlin2): LeakyReLU(negative_slope=0.01, inplace=True)
            (skip): Sequential(
              (0): AvgPool3d(kernel_size=[2, 2, 2], stride=[2, 2, 2], padding=0)
              (1): ConvDropoutNormReLU(
                (conv): Conv3d(256, 128, kernel_size=(1, 1, 1), stride=(1, 1, 1), bias=False)
                (norm): InstanceNorm3d(128, eps=1e-05, momentum=0.1, affine=True, track_running_stats=False)
                (all_modules): Sequential(
                  (0): Conv3d(256, 128, kernel_size=(1, 1, 1), stride=(1, 1, 1), bias=False)
                  (1): InstanceNorm3d(128, eps=1e-05, momentum=0.1, affine=True, track_running_stats=False)
                )
              )
            )
          )
          (1): BasicBlockD(
            (conv1): ConvDropoutNormReLU(
              (conv): Conv3d(128, 128, kernel_size=(3, 3, 3), stride=(1, 1, 1), padding=(1, 1, 1))
              (norm): InstanceNorm3d(128, eps=1e-05, momentum=0.1, affine=True, track_running_stats=False)
              (nonlin): LeakyReLU(negative_slope=0.01, inplace=True)
              (all_modules): Sequential(
                (0): Conv3d(128, 128, kernel_size=(3, 3, 3), stride=(1, 1, 1), padding=(1, 1, 1))
                (1): InstanceNorm3d(128, eps=1e-05, momentum=0.1, affine=True, track_running_stats=False)
                (2): LeakyReLU(negative_slope=0.01, inplace=True)
              )
            )
            (conv2): ConvDropoutNormReLU(
              (conv): Conv3d(128, 128, kernel_size=(3, 3, 3), stride=(1, 1, 1), padding=(1, 1, 1))
              (norm): InstanceNorm3d(128, eps=1e-05, momentum=0.1, affine=True, track_running_stats=False)
              (all_modules): Sequential(
                (0): Conv3d(128, 128, kernel_size=(3, 3, 3), stride=(1, 1, 1), padding=(1, 1, 1))
                (1): InstanceNorm3d(128, eps=1e-05, momentum=0.1, affine=True, track_running_stats=False)
              )
            )
            (nonlin2): LeakyReLU(negative_slope=0.01, inplace=True)
          )
        )
      )
      (5): StackedResidualBlocks(
        (blocks): Sequential(
          (0): BasicBlockD(
            (conv1): ConvDropoutNormReLU(
              (conv): Conv3d(128, 96, kernel_size=(3, 3, 3), stride=(1, 1, 1), padding=(1, 1, 1))
              (norm): InstanceNorm3d(96, eps=1e-05, momentum=0.1, affine=True, track_running_stats=False)
              (nonlin): LeakyReLU(negative_slope=0.01, inplace=True)
              (all_modules): Sequential(
                (0): Conv3d(128, 96, kernel_size=(3, 3, 3), stride=(1, 1, 1), padding=(1, 1, 1))
                (1): InstanceNorm3d(96, eps=1e-05, momentum=0.1, affine=True, track_running_stats=False)
                (2): LeakyReLU(negative_slope=0.01, inplace=True)
              )
            )
            (conv2): ConvDropoutNormReLU(
              (conv): Conv3d(96, 96, kernel_size=(3, 3, 3), stride=(1, 1, 1), padding=(1, 1, 1))
              (norm): InstanceNorm3d(96, eps=1e-05, momentum=0.1, affine=True, track_running_stats=False)
              (all_modules): Sequential(
                (0): Conv3d(96, 96, kernel_size=(3, 3, 3), stride=(1, 1, 1), padding=(1, 1, 1))
                (1): InstanceNorm3d(96, eps=1e-05, momentum=0.1, affine=True, track_running_stats=False)
              )
            )
            (nonlin2): LeakyReLU(negative_slope=0.01, inplace=True)
            (skip): Sequential(
              (0): ConvDropoutNormReLU(
                (conv): Conv3d(128, 96, kernel_size=(1, 1, 1), stride=(1, 1, 1), bias=False)
                (norm): InstanceNorm3d(96, eps=1e-05, momentum=0.1, affine=True, track_running_stats=False)
                (all_modules): Sequential(
                  (0): Conv3d(128, 96, kernel_size=(1, 1, 1), stride=(1, 1, 1), bias=False)
                  (1): InstanceNorm3d(96, eps=1e-05, momentum=0.1, affine=True, track_running_stats=False)
                )
              )
            )
          )
          (1): BasicBlockD(
            (conv1): ConvDropoutNormReLU(
              (conv): Conv3d(96, 96, kernel_size=(3, 3, 3), stride=(1, 1, 1), padding=(1, 1, 1))
              (norm): InstanceNorm3d(96, eps=1e-05, momentum=0.1, affine=True, track_running_stats=False)
              (nonlin): LeakyReLU(negative_slope=0.01, inplace=True)
              (all_modules): Sequential(
                (0): Conv3d(96, 96, kernel_size=(3, 3, 3), stride=(1, 1, 1), padding=(1, 1, 1))
                (1): InstanceNorm3d(96, eps=1e-05, momentum=0.1, affine=True, track_running_stats=False)
                (2): LeakyReLU(negative_slope=0.01, inplace=True)
              )
            )
            (conv2): ConvDropoutNormReLU(
              (conv): Conv3d(96, 96, kernel_size=(3, 3, 3), stride=(1, 1, 1), padding=(1, 1, 1))
              (norm): InstanceNorm3d(96, eps=1e-05, momentum=0.1, affine=True, track_running_stats=False)
              (all_modules): Sequential(
                (0): Conv3d(96, 96, kernel_size=(3, 3, 3), stride=(1, 1, 1), padding=(1, 1, 1))
                (1): InstanceNorm3d(96, eps=1e-05, momentum=0.1, affine=True, track_running_stats=False)
              )
            )
            (nonlin2): LeakyReLU(negative_slope=0.01, inplace=True)
          )
        )
      )
    )
    (mamba_layers): ModuleList(
      (0): MambaLayer(
        (norm): LayerNorm((32,), eps=1e-05, elementwise_affine=True)
        (mamba): Mamba(
          (in_proj): Linear(in_features=32, out_features=128, bias=False)
          (conv1d): Conv1d(64, 64, kernel_size=(4,), stride=(1,), padding=(3,), groups=64)
          (act): SiLU()
          (x_proj): Linear(in_features=64, out_features=34, bias=False)
          (dt_proj): Linear(in_features=2, out_features=64, bias=True)
          (out_proj): Linear(in_features=64, out_features=32, bias=False)
        )
      )
      (1): MambaLayer(
        (norm): LayerNorm((64,), eps=1e-05, elementwise_affine=True)
        (mamba): Mamba(
          (in_proj): Linear(in_features=64, out_features=256, bias=False)
          (conv1d): Conv1d(128, 128, kernel_size=(4,), stride=(1,), padding=(3,), groups=128)
          (act): SiLU()
          (x_proj): Linear(in_features=128, out_features=36, bias=False)
          (dt_proj): Linear(in_features=4, out_features=128, bias=True)
          (out_proj): Linear(in_features=128, out_features=64, bias=False)
        )
      )
      (2): MambaLayer(
        (norm): LayerNorm((128,), eps=1e-05, elementwise_affine=True)
        (mamba): Mamba(
          (in_proj): Linear(in_features=128, out_features=512, bias=False)
          (conv1d): Conv1d(256, 256, kernel_size=(4,), stride=(1,), padding=(3,), groups=256)
          (act): SiLU()
          (x_proj): Linear(in_features=256, out_features=40, bias=False)
          (dt_proj): Linear(in_features=8, out_features=256, bias=True)
          (out_proj): Linear(in_features=256, out_features=128, bias=False)
        )
      )
      (3): MambaLayer(
        (norm): LayerNorm((256,), eps=1e-05, elementwise_affine=True)
        (mamba): Mamba(
          (in_proj): Linear(in_features=256, out_features=1024, bias=False)
          (conv1d): Conv1d(512, 512, kernel_size=(4,), stride=(1,), padding=(3,), groups=512)
          (act): SiLU()
          (x_proj): Linear(in_features=512, out_features=48, bias=False)
          (dt_proj): Linear(in_features=16, out_features=512, bias=True)
          (out_proj): Linear(in_features=512, out_features=256, bias=False)
        )
      )
      (4): MambaLayer(
        (norm): LayerNorm((128,), eps=1e-05, elementwise_affine=True)
        (mamba): Mamba(
          (in_proj): Linear(in_features=128, out_features=512, bias=False)
          (conv1d): Conv1d(256, 256, kernel_size=(4,), stride=(1,), padding=(3,), groups=256)
          (act): SiLU()
          (x_proj): Linear(in_features=256, out_features=40, bias=False)
          (dt_proj): Linear(in_features=8, out_features=256, bias=True)
          (out_proj): Linear(in_features=256, out_features=128, bias=False)
        )
      )
      (5): MambaLayer(
        (norm): LayerNorm((96,), eps=1e-05, elementwise_affine=True)
        (mamba): Mamba(
          (in_proj): Linear(in_features=96, out_features=384, bias=False)
          (conv1d): Conv1d(192, 192, kernel_size=(4,), stride=(1,), padding=(3,), groups=192)
          (act): SiLU()
          (x_proj): Linear(in_features=192, out_features=38, bias=False)
          (dt_proj): Linear(in_features=6, out_features=192, bias=True)
          (out_proj): Linear(in_features=192, out_features=96, bias=False)
        )
      )
    )
  )
  (decoder): UNetResDecoder(
    (encoder): ResidualMambaEncoder(
      (stem): StackedConvBlocks(
        (convs): Sequential(
          (0): ConvDropoutNormReLU(
            (conv): Conv3d(3, 32, kernel_size=(3, 3, 3), stride=(1, 1, 1), padding=(1, 1, 1))
            (norm): InstanceNorm3d(32, eps=1e-05, momentum=0.1, affine=True, track_running_stats=False)
            (nonlin): LeakyReLU(negative_slope=0.01, inplace=True)
            (all_modules): Sequential(
              (0): Conv3d(3, 32, kernel_size=(3, 3, 3), stride=(1, 1, 1), padding=(1, 1, 1))
              (1): InstanceNorm3d(32, eps=1e-05, momentum=0.1, affine=True, track_running_stats=False)
              (2): LeakyReLU(negative_slope=0.01, inplace=True)
            )
          )
        )
      )
      (stages): ModuleList(
        (0): StackedResidualBlocks(
          (blocks): Sequential(
            (0): BasicBlockD(
              (conv1): ConvDropoutNormReLU(
                (conv): Conv3d(32, 32, kernel_size=(3, 3, 3), stride=(1, 1, 1), padding=(1, 1, 1))
                (norm): InstanceNorm3d(32, eps=1e-05, momentum=0.1, affine=True, track_running_stats=False)
                (nonlin): LeakyReLU(negative_slope=0.01, inplace=True)
                (all_modules): Sequential(
                  (0): Conv3d(32, 32, kernel_size=(3, 3, 3), stride=(1, 1, 1), padding=(1, 1, 1))
                  (1): InstanceNorm3d(32, eps=1e-05, momentum=0.1, affine=True, track_running_stats=False)
                  (2): LeakyReLU(negative_slope=0.01, inplace=True)
                )
              )
              (conv2): ConvDropoutNormReLU(
                (conv): Conv3d(32, 32, kernel_size=(3, 3, 3), stride=(1, 1, 1), padding=(1, 1, 1))
                (norm): InstanceNorm3d(32, eps=1e-05, momentum=0.1, affine=True, track_running_stats=False)
                (all_modules): Sequential(
                  (0): Conv3d(32, 32, kernel_size=(3, 3, 3), stride=(1, 1, 1), padding=(1, 1, 1))
                  (1): InstanceNorm3d(32, eps=1e-05, momentum=0.1, affine=True, track_running_stats=False)
                )
              )
              (nonlin2): LeakyReLU(negative_slope=0.01, inplace=True)
            )
            (1): BasicBlockD(
              (conv1): ConvDropoutNormReLU(
                (conv): Conv3d(32, 32, kernel_size=(3, 3, 3), stride=(1, 1, 1), padding=(1, 1, 1))
                (norm): InstanceNorm3d(32, eps=1e-05, momentum=0.1, affine=True, track_running_stats=False)
                (nonlin): LeakyReLU(negative_slope=0.01, inplace=True)
                (all_modules): Sequential(
                  (0): Conv3d(32, 32, kernel_size=(3, 3, 3), stride=(1, 1, 1), padding=(1, 1, 1))
                  (1): InstanceNorm3d(32, eps=1e-05, momentum=0.1, affine=True, track_running_stats=False)
                  (2): LeakyReLU(negative_slope=0.01, inplace=True)
                )
              )
              (conv2): ConvDropoutNormReLU(
                (conv): Conv3d(32, 32, kernel_size=(3, 3, 3), stride=(1, 1, 1), padding=(1, 1, 1))
                (norm): InstanceNorm3d(32, eps=1e-05, momentum=0.1, affine=True, track_running_stats=False)
                (all_modules): Sequential(
                  (0): Conv3d(32, 32, kernel_size=(3, 3, 3), stride=(1, 1, 1), padding=(1, 1, 1))
                  (1): InstanceNorm3d(32, eps=1e-05, momentum=0.1, affine=True, track_running_stats=False)
                )
              )
              (nonlin2): LeakyReLU(negative_slope=0.01, inplace=True)
            )
          )
        )
        (1): StackedResidualBlocks(
          (blocks): Sequential(
            (0): BasicBlockD(
              (conv1): ConvDropoutNormReLU(
                (conv): Conv3d(32, 64, kernel_size=(3, 3, 3), stride=(2, 2, 2), padding=(1, 1, 1))
                (norm): InstanceNorm3d(64, eps=1e-05, momentum=0.1, affine=True, track_running_stats=False)
                (nonlin): LeakyReLU(negative_slope=0.01, inplace=True)
                (all_modules): Sequential(
                  (0): Conv3d(32, 64, kernel_size=(3, 3, 3), stride=(2, 2, 2), padding=(1, 1, 1))
                  (1): InstanceNorm3d(64, eps=1e-05, momentum=0.1, affine=True, track_running_stats=False)
                  (2): LeakyReLU(negative_slope=0.01, inplace=True)
                )
              )
              (conv2): ConvDropoutNormReLU(
                (conv): Conv3d(64, 64, kernel_size=(3, 3, 3), stride=(1, 1, 1), padding=(1, 1, 1))
                (norm): InstanceNorm3d(64, eps=1e-05, momentum=0.1, affine=True, track_running_stats=False)
                (all_modules): Sequential(
                  (0): Conv3d(64, 64, kernel_size=(3, 3, 3), stride=(1, 1, 1), padding=(1, 1, 1))
                  (1): InstanceNorm3d(64, eps=1e-05, momentum=0.1, affine=True, track_running_stats=False)
                )
              )
              (nonlin2): LeakyReLU(negative_slope=0.01, inplace=True)
              (skip): Sequential(
                (0): AvgPool3d(kernel_size=[2, 2, 2], stride=[2, 2, 2], padding=0)
                (1): ConvDropoutNormReLU(
                  (conv): Conv3d(32, 64, kernel_size=(1, 1, 1), stride=(1, 1, 1), bias=False)
                  (norm): InstanceNorm3d(64, eps=1e-05, momentum=0.1, affine=True, track_running_stats=False)
                  (all_modules): Sequential(
                    (0): Conv3d(32, 64, kernel_size=(1, 1, 1), stride=(1, 1, 1), bias=False)
                    (1): InstanceNorm3d(64, eps=1e-05, momentum=0.1, affine=True, track_running_stats=False)
                  )
                )
              )
            )
            (1): BasicBlockD(
              (conv1): ConvDropoutNormReLU(
                (conv): Conv3d(64, 64, kernel_size=(3, 3, 3), stride=(1, 1, 1), padding=(1, 1, 1))
                (norm): InstanceNorm3d(64, eps=1e-05, momentum=0.1, affine=True, track_running_stats=False)
                (nonlin): LeakyReLU(negative_slope=0.01, inplace=True)
                (all_modules): Sequential(
                  (0): Conv3d(64, 64, kernel_size=(3, 3, 3), stride=(1, 1, 1), padding=(1, 1, 1))
                  (1): InstanceNorm3d(64, eps=1e-05, momentum=0.1, affine=True, track_running_stats=False)
                  (2): LeakyReLU(negative_slope=0.01, inplace=True)
                )
              )
              (conv2): ConvDropoutNormReLU(
                (conv): Conv3d(64, 64, kernel_size=(3, 3, 3), stride=(1, 1, 1), padding=(1, 1, 1))
                (norm): InstanceNorm3d(64, eps=1e-05, momentum=0.1, affine=True, track_running_stats=False)
                (all_modules): Sequential(
                  (0): Conv3d(64, 64, kernel_size=(3, 3, 3), stride=(1, 1, 1), padding=(1, 1, 1))
                  (1): InstanceNorm3d(64, eps=1e-05, momentum=0.1, affine=True, track_running_stats=False)
                )
              )
              (nonlin2): LeakyReLU(negative_slope=0.01, inplace=True)
            )
          )
        )
        (2): StackedResidualBlocks(
          (blocks): Sequential(
            (0): BasicBlockD(
              (conv1): ConvDropoutNormReLU(
                (conv): Conv3d(64, 128, kernel_size=(3, 3, 3), stride=(2, 2, 2), padding=(1, 1, 1))
                (norm): InstanceNorm3d(128, eps=1e-05, momentum=0.1, affine=True, track_running_stats=False)
                (nonlin): LeakyReLU(negative_slope=0.01, inplace=True)
                (all_modules): Sequential(
                  (0): Conv3d(64, 128, kernel_size=(3, 3, 3), stride=(2, 2, 2), padding=(1, 1, 1))
                  (1): InstanceNorm3d(128, eps=1e-05, momentum=0.1, affine=True, track_running_stats=False)
                  (2): LeakyReLU(negative_slope=0.01, inplace=True)
                )
              )
              (conv2): ConvDropoutNormReLU(
                (conv): Conv3d(128, 128, kernel_size=(3, 3, 3), stride=(1, 1, 1), padding=(1, 1, 1))
                (norm): InstanceNorm3d(128, eps=1e-05, momentum=0.1, affine=True, track_running_stats=False)
                (all_modules): Sequential(
                  (0): Conv3d(128, 128, kernel_size=(3, 3, 3), stride=(1, 1, 1), padding=(1, 1, 1))
                  (1): InstanceNorm3d(128, eps=1e-05, momentum=0.1, affine=True, track_running_stats=False)
                )
              )
              (nonlin2): LeakyReLU(negative_slope=0.01, inplace=True)
              (skip): Sequential(
                (0): AvgPool3d(kernel_size=[2, 2, 2], stride=[2, 2, 2], padding=0)
                (1): ConvDropoutNormReLU(
                  (conv): Conv3d(64, 128, kernel_size=(1, 1, 1), stride=(1, 1, 1), bias=False)
                  (norm): InstanceNorm3d(128, eps=1e-05, momentum=0.1, affine=True, track_running_stats=False)
                  (all_modules): Sequential(
                    (0): Conv3d(64, 128, kernel_size=(1, 1, 1), stride=(1, 1, 1), bias=False)
                    (1): InstanceNorm3d(128, eps=1e-05, momentum=0.1, affine=True, track_running_stats=False)
                  )
                )
              )
            )
            (1): BasicBlockD(
              (conv1): ConvDropoutNormReLU(
                (conv): Conv3d(128, 128, kernel_size=(3, 3, 3), stride=(1, 1, 1), padding=(1, 1, 1))
                (norm): InstanceNorm3d(128, eps=1e-05, momentum=0.1, affine=True, track_running_stats=False)
                (nonlin): LeakyReLU(negative_slope=0.01, inplace=True)
                (all_modules): Sequential(
                  (0): Conv3d(128, 128, kernel_size=(3, 3, 3), stride=(1, 1, 1), padding=(1, 1, 1))
                  (1): InstanceNorm3d(128, eps=1e-05, momentum=0.1, affine=True, track_running_stats=False)
                  (2): LeakyReLU(negative_slope=0.01, inplace=True)
                )
              )
              (conv2): ConvDropoutNormReLU(
                (conv): Conv3d(128, 128, kernel_size=(3, 3, 3), stride=(1, 1, 1), padding=(1, 1, 1))
                (norm): InstanceNorm3d(128, eps=1e-05, momentum=0.1, affine=True, track_running_stats=False)
                (all_modules): Sequential(
                  (0): Conv3d(128, 128, kernel_size=(3, 3, 3), stride=(1, 1, 1), padding=(1, 1, 1))
                  (1): InstanceNorm3d(128, eps=1e-05, momentum=0.1, affine=True, track_running_stats=False)
                )
              )
              (nonlin2): LeakyReLU(negative_slope=0.01, inplace=True)
            )
          )
        )
        (3): StackedResidualBlocks(
          (blocks): Sequential(
            (0): BasicBlockD(
              (conv1): ConvDropoutNormReLU(
                (conv): Conv3d(128, 256, kernel_size=(3, 3, 3), stride=(2, 2, 2), padding=(1, 1, 1))
                (norm): InstanceNorm3d(256, eps=1e-05, momentum=0.1, affine=True, track_running_stats=False)
                (nonlin): LeakyReLU(negative_slope=0.01, inplace=True)
                (all_modules): Sequential(
                  (0): Conv3d(128, 256, kernel_size=(3, 3, 3), stride=(2, 2, 2), padding=(1, 1, 1))
                  (1): InstanceNorm3d(256, eps=1e-05, momentum=0.1, affine=True, track_running_stats=False)
                  (2): LeakyReLU(negative_slope=0.01, inplace=True)
                )
              )
              (conv2): ConvDropoutNormReLU(
                (conv): Conv3d(256, 256, kernel_size=(3, 3, 3), stride=(1, 1, 1), padding=(1, 1, 1))
                (norm): InstanceNorm3d(256, eps=1e-05, momentum=0.1, affine=True, track_running_stats=False)
                (all_modules): Sequential(
                  (0): Conv3d(256, 256, kernel_size=(3, 3, 3), stride=(1, 1, 1), padding=(1, 1, 1))
                  (1): InstanceNorm3d(256, eps=1e-05, momentum=0.1, affine=True, track_running_stats=False)
                )
              )
              (nonlin2): LeakyReLU(negative_slope=0.01, inplace=True)
              (skip): Sequential(
                (0): AvgPool3d(kernel_size=[2, 2, 2], stride=[2, 2, 2], padding=0)
                (1): ConvDropoutNormReLU(
                  (conv): Conv3d(128, 256, kernel_size=(1, 1, 1), stride=(1, 1, 1), bias=False)
                  (norm): InstanceNorm3d(256, eps=1e-05, momentum=0.1, affine=True, track_running_stats=False)
                  (all_modules): Sequential(
                    (0): Conv3d(128, 256, kernel_size=(1, 1, 1), stride=(1, 1, 1), bias=False)
                    (1): InstanceNorm3d(256, eps=1e-05, momentum=0.1, affine=True, track_running_stats=False)
                  )
                )
              )
            )
            (1): BasicBlockD(
              (conv1): ConvDropoutNormReLU(
                (conv): Conv3d(256, 256, kernel_size=(3, 3, 3), stride=(1, 1, 1), padding=(1, 1, 1))
                (norm): InstanceNorm3d(256, eps=1e-05, momentum=0.1, affine=True, track_running_stats=False)
                (nonlin): LeakyReLU(negative_slope=0.01, inplace=True)
                (all_modules): Sequential(
                  (0): Conv3d(256, 256, kernel_size=(3, 3, 3), stride=(1, 1, 1), padding=(1, 1, 1))
                  (1): InstanceNorm3d(256, eps=1e-05, momentum=0.1, affine=True, track_running_stats=False)
                  (2): LeakyReLU(negative_slope=0.01, inplace=True)
                )
              )
              (conv2): ConvDropoutNormReLU(
                (conv): Conv3d(256, 256, kernel_size=(3, 3, 3), stride=(1, 1, 1), padding=(1, 1, 1))
                (norm): InstanceNorm3d(256, eps=1e-05, momentum=0.1, affine=True, track_running_stats=False)
                (all_modules): Sequential(
                  (0): Conv3d(256, 256, kernel_size=(3, 3, 3), stride=(1, 1, 1), padding=(1, 1, 1))
                  (1): InstanceNorm3d(256, eps=1e-05, momentum=0.1, affine=True, track_running_stats=False)
                )
              )
              (nonlin2): LeakyReLU(negative_slope=0.01, inplace=True)
            )
          )
        )
        (4): StackedResidualBlocks(
          (blocks): Sequential(
            (0): BasicBlockD(
              (conv1): ConvDropoutNormReLU(
                (conv): Conv3d(256, 128, kernel_size=(3, 3, 3), stride=(2, 2, 2), padding=(1, 1, 1))
                (norm): InstanceNorm3d(128, eps=1e-05, momentum=0.1, affine=True, track_running_stats=False)
                (nonlin): LeakyReLU(negative_slope=0.01, inplace=True)
                (all_modules): Sequential(
                  (0): Conv3d(256, 128, kernel_size=(3, 3, 3), stride=(2, 2, 2), padding=(1, 1, 1))
                  (1): InstanceNorm3d(128, eps=1e-05, momentum=0.1, affine=True, track_running_stats=False)
                  (2): LeakyReLU(negative_slope=0.01, inplace=True)
                )
              )
              (conv2): ConvDropoutNormReLU(
                (conv): Conv3d(128, 128, kernel_size=(3, 3, 3), stride=(1, 1, 1), padding=(1, 1, 1))
                (norm): InstanceNorm3d(128, eps=1e-05, momentum=0.1, affine=True, track_running_stats=False)
                (all_modules): Sequential(
                  (0): Conv3d(128, 128, kernel_size=(3, 3, 3), stride=(1, 1, 1), padding=(1, 1, 1))
                  (1): InstanceNorm3d(128, eps=1e-05, momentum=0.1, affine=True, track_running_stats=False)
                )
              )
              (nonlin2): LeakyReLU(negative_slope=0.01, inplace=True)
              (skip): Sequential(
                (0): AvgPool3d(kernel_size=[2, 2, 2], stride=[2, 2, 2], padding=0)
                (1): ConvDropoutNormReLU(
                  (conv): Conv3d(256, 128, kernel_size=(1, 1, 1), stride=(1, 1, 1), bias=False)
                  (norm): InstanceNorm3d(128, eps=1e-05, momentum=0.1, affine=True, track_running_stats=False)
                  (all_modules): Sequential(
                    (0): Conv3d(256, 128, kernel_size=(1, 1, 1), stride=(1, 1, 1), bias=False)
                    (1): InstanceNorm3d(128, eps=1e-05, momentum=0.1, affine=True, track_running_stats=False)
                  )
                )
              )
            )
            (1): BasicBlockD(
              (conv1): ConvDropoutNormReLU(
                (conv): Conv3d(128, 128, kernel_size=(3, 3, 3), stride=(1, 1, 1), padding=(1, 1, 1))
                (norm): InstanceNorm3d(128, eps=1e-05, momentum=0.1, affine=True, track_running_stats=False)
                (nonlin): LeakyReLU(negative_slope=0.01, inplace=True)
                (all_modules): Sequential(
                  (0): Conv3d(128, 128, kernel_size=(3, 3, 3), stride=(1, 1, 1), padding=(1, 1, 1))
                  (1): InstanceNorm3d(128, eps=1e-05, momentum=0.1, affine=True, track_running_stats=False)
                  (2): LeakyReLU(negative_slope=0.01, inplace=True)
                )
              )
              (conv2): ConvDropoutNormReLU(
                (conv): Conv3d(128, 128, kernel_size=(3, 3, 3), stride=(1, 1, 1), padding=(1, 1, 1))
                (norm): InstanceNorm3d(128, eps=1e-05, momentum=0.1, affine=True, track_running_stats=False)
                (all_modules): Sequential(
                  (0): Conv3d(128, 128, kernel_size=(3, 3, 3), stride=(1, 1, 1), padding=(1, 1, 1))
                  (1): InstanceNorm3d(128, eps=1e-05, momentum=0.1, affine=True, track_running_stats=False)
                )
              )
              (nonlin2): LeakyReLU(negative_slope=0.01, inplace=True)
            )
          )
        )
        (5): StackedResidualBlocks(
          (blocks): Sequential(
            (0): BasicBlockD(
              (conv1): ConvDropoutNormReLU(
                (conv): Conv3d(128, 96, kernel_size=(3, 3, 3), stride=(1, 1, 1), padding=(1, 1, 1))
                (norm): InstanceNorm3d(96, eps=1e-05, momentum=0.1, affine=True, track_running_stats=False)
                (nonlin): LeakyReLU(negative_slope=0.01, inplace=True)
                (all_modules): Sequential(
                  (0): Conv3d(128, 96, kernel_size=(3, 3, 3), stride=(1, 1, 1), padding=(1, 1, 1))
                  (1): InstanceNorm3d(96, eps=1e-05, momentum=0.1, affine=True, track_running_stats=False)
                  (2): LeakyReLU(negative_slope=0.01, inplace=True)
                )
              )
              (conv2): ConvDropoutNormReLU(
                (conv): Conv3d(96, 96, kernel_size=(3, 3, 3), stride=(1, 1, 1), padding=(1, 1, 1))
                (norm): InstanceNorm3d(96, eps=1e-05, momentum=0.1, affine=True, track_running_stats=False)
                (all_modules): Sequential(
                  (0): Conv3d(96, 96, kernel_size=(3, 3, 3), stride=(1, 1, 1), padding=(1, 1, 1))
                  (1): InstanceNorm3d(96, eps=1e-05, momentum=0.1, affine=True, track_running_stats=False)
                )
              )
              (nonlin2): LeakyReLU(negative_slope=0.01, inplace=True)
              (skip): Sequential(
                (0): ConvDropoutNormReLU(
                  (conv): Conv3d(128, 96, kernel_size=(1, 1, 1), stride=(1, 1, 1), bias=False)
                  (norm): InstanceNorm3d(96, eps=1e-05, momentum=0.1, affine=True, track_running_stats=False)
                  (all_modules): Sequential(
                    (0): Conv3d(128, 96, kernel_size=(1, 1, 1), stride=(1, 1, 1), bias=False)
                    (1): InstanceNorm3d(96, eps=1e-05, momentum=0.1, affine=True, track_running_stats=False)
                  )
                )
              )
            )
            (1): BasicBlockD(
              (conv1): ConvDropoutNormReLU(
                (conv): Conv3d(96, 96, kernel_size=(3, 3, 3), stride=(1, 1, 1), padding=(1, 1, 1))
                (norm): InstanceNorm3d(96, eps=1e-05, momentum=0.1, affine=True, track_running_stats=False)
                (nonlin): LeakyReLU(negative_slope=0.01, inplace=True)
                (all_modules): Sequential(
                  (0): Conv3d(96, 96, kernel_size=(3, 3, 3), stride=(1, 1, 1), padding=(1, 1, 1))
                  (1): InstanceNorm3d(96, eps=1e-05, momentum=0.1, affine=True, track_running_stats=False)
                  (2): LeakyReLU(negative_slope=0.01, inplace=True)
                )
              )
              (conv2): ConvDropoutNormReLU(
                (conv): Conv3d(96, 96, kernel_size=(3, 3, 3), stride=(1, 1, 1), padding=(1, 1, 1))
                (norm): InstanceNorm3d(96, eps=1e-05, momentum=0.1, affine=True, track_running_stats=False)
                (all_modules): Sequential(
                  (0): Conv3d(96, 96, kernel_size=(3, 3, 3), stride=(1, 1, 1), padding=(1, 1, 1))
                  (1): InstanceNorm3d(96, eps=1e-05, momentum=0.1, affine=True, track_running_stats=False)
                )
              )
              (nonlin2): LeakyReLU(negative_slope=0.01, inplace=True)
            )
          )
        )
      )
      (mamba_layers): ModuleList(
        (0): MambaLayer(
          (norm): LayerNorm((32,), eps=1e-05, elementwise_affine=True)
          (mamba): Mamba(
            (in_proj): Linear(in_features=32, out_features=128, bias=False)
            (conv1d): Conv1d(64, 64, kernel_size=(4,), stride=(1,), padding=(3,), groups=64)
            (act): SiLU()
            (x_proj): Linear(in_features=64, out_features=34, bias=False)
            (dt_proj): Linear(in_features=2, out_features=64, bias=True)
            (out_proj): Linear(in_features=64, out_features=32, bias=False)
          )
        )
        (1): MambaLayer(
          (norm): LayerNorm((64,), eps=1e-05, elementwise_affine=True)
          (mamba): Mamba(
            (in_proj): Linear(in_features=64, out_features=256, bias=False)
            (conv1d): Conv1d(128, 128, kernel_size=(4,), stride=(1,), padding=(3,), groups=128)
            (act): SiLU()
            (x_proj): Linear(in_features=128, out_features=36, bias=False)
            (dt_proj): Linear(in_features=4, out_features=128, bias=True)
            (out_proj): Linear(in_features=128, out_features=64, bias=False)
          )
        )
        (2): MambaLayer(
          (norm): LayerNorm((128,), eps=1e-05, elementwise_affine=True)
          (mamba): Mamba(
            (in_proj): Linear(in_features=128, out_features=512, bias=False)
            (conv1d): Conv1d(256, 256, kernel_size=(4,), stride=(1,), padding=(3,), groups=256)
            (act): SiLU()
            (x_proj): Linear(in_features=256, out_features=40, bias=False)
            (dt_proj): Linear(in_features=8, out_features=256, bias=True)
            (out_proj): Linear(in_features=256, out_features=128, bias=False)
          )
        )
        (3): MambaLayer(
          (norm): LayerNorm((256,), eps=1e-05, elementwise_affine=True)
          (mamba): Mamba(
            (in_proj): Linear(in_features=256, out_features=1024, bias=False)
            (conv1d): Conv1d(512, 512, kernel_size=(4,), stride=(1,), padding=(3,), groups=512)
            (act): SiLU()
            (x_proj): Linear(in_features=512, out_features=48, bias=False)
            (dt_proj): Linear(in_features=16, out_features=512, bias=True)
            (out_proj): Linear(in_features=512, out_features=256, bias=False)
          )
        )
        (4): MambaLayer(
          (norm): LayerNorm((128,), eps=1e-05, elementwise_affine=True)
          (mamba): Mamba(
            (in_proj): Linear(in_features=128, out_features=512, bias=False)
            (conv1d): Conv1d(256, 256, kernel_size=(4,), stride=(1,), padding=(3,), groups=256)
            (act): SiLU()
            (x_proj): Linear(in_features=256, out_features=40, bias=False)
            (dt_proj): Linear(in_features=8, out_features=256, bias=True)
            (out_proj): Linear(in_features=256, out_features=128, bias=False)
          )
        )
        (5): MambaLayer(
          (norm): LayerNorm((96,), eps=1e-05, elementwise_affine=True)
          (mamba): Mamba(
            (in_proj): Linear(in_features=96, out_features=384, bias=False)
            (conv1d): Conv1d(192, 192, kernel_size=(4,), stride=(1,), padding=(3,), groups=192)
            (act): SiLU()
            (x_proj): Linear(in_features=192, out_features=38, bias=False)
            (dt_proj): Linear(in_features=6, out_features=192, bias=True)
            (out_proj): Linear(in_features=192, out_features=96, bias=False)
          )
        )
      )
    )
    (lzz_conv): ModuleList(
      (0-1): 2 x Conv3d(96, 96, kernel_size=(3, 3, 3), stride=(1, 1, 1))
      (2): Conv3d(96, 96, kernel_size=(2, 2, 2), stride=(1, 1, 1))
      (3): Conv3d(96, 96, kernel_size=(1, 1, 1), stride=(1, 1, 1))
    )
  )
)

This is the configuration used by this training:
Configuration name: 3d_fullres
 {'data_identifier': 'nnUNetPlans_3d_fullres', 'preprocessor_name': 'DefaultPreprocessor', 'batch_size': 4, 'patch_size': [96, 96, 96], 'median_image_size_in_voxels': [97.0, 512.0, 512.0], 'spacing': [2.5, 0.7958984971046448, 0.7958984971046448], 'normalization_schemes': ['CTNormalization'], 'use_mask_for_norm': [False], 'UNet_class_name': 'PlainConvUNet', 'UNet_base_num_features': 32, 'n_conv_per_stage_encoder': [2, 2, 2, 2, 2, 2], 'n_conv_per_stage_decoder': [2, 2, 2, 2, 2], 'num_pool_per_axis': [3, 5, 5], 'pool_op_kernel_sizes': [[1, 1, 1], [2, 2, 2], [2, 2, 2], [2, 2, 2], [2, 2, 2], [1, 1, 1]], 'conv_kernel_sizes': [[3, 3, 3], [3, 3, 3], [3, 3, 3], [3, 3, 3], [3, 3, 3], [3, 3, 3]], 'unet_max_num_features': 320, 'resampling_fn_data': 'resample_data_or_seg_to_shape', 'resampling_fn_seg': 'resample_data_or_seg_to_shape', 'resampling_fn_data_kwargs': {'is_seg': False, 'order': 3, 'order_z': 0, 'force_separate_z': None}, 'resampling_fn_seg_kwargs': {'is_seg': True, 'order': 1, 'order_z': 0, 'force_separate_z': None}, 'resampling_fn_probabilities': 'resample_data_or_seg_to_shape', 'resampling_fn_probabilities_kwargs': {'is_seg': False, 'order': 1, 'order_z': 0, 'force_separate_z': None}, 'batch_dice': True} 

These are the global plan.json settings:
 {'dataset_name': 'Dataset701_AbdomenCT', 'plans_name': 'nnUNetPlans', 'original_median_spacing_after_transp': [2.5, 0.7958984971046448, 0.7958984971046448], 'original_median_shape_after_transp': [97, 512, 512], 'image_reader_writer': 'SimpleITKIO', 'transpose_forward': [0, 1, 2], 'transpose_backward': [0, 1, 2], 'experiment_planner_used': 'ExperimentPlanner', 'label_manager': 'LabelManager', 'foreground_intensity_properties_per_channel': {'0': {'max': 3071.0, 'mean': 97.29716491699219, 'median': 118.0, 'min': -1024.0, 'percentile_00_5': -958.0, 'percentile_99_5': 270.0, 'std': 137.8484649658203}}} 

2024-03-22 12:46:00.008547: unpacking dataset...
2024-03-22 12:46:00.008860: unpacking done...
2024-03-22 12:46:00.038870: do_dummy_2d_data_aug: False
2024-03-22 12:46:00.079268: Unable to plot network architecture:
2024-03-22 12:46:00.079519: No module named 'hiddenlayer'
2024-03-22 12:46:00.231506: 
2024-03-22 12:46:00.232135: Epoch 0
2024-03-22 12:46:00.232520: Current learning rate: 0.001
I am local rank 1. 2 GPUs are available. The world size is 2.Setting device to cuda
worker 1 oversample 0.6600000000000001
worker 1 batch_size 2

#######################################################################
Please cite the following paper when using nnU-Net:
Isensee, F., Jaeger, P. F., Kohl, S. A., Petersen, J., & Maier-Hein, K. H. (2021). nnU-Net: a self-configuring method for deep learning-based biomedical image segmentation. Nature methods, 18(2), 203-211.
#######################################################################

UMambaEnc: UMambaEnc(
  (encoder): ResidualMambaEncoder(
    (stem): StackedConvBlocks(
      (convs): Sequential(
        (0): ConvDropoutNormReLU(
          (conv): Conv3d(3, 32, kernel_size=(3, 3, 3), stride=(1, 1, 1), padding=(1, 1, 1))
          (norm): InstanceNorm3d(32, eps=1e-05, momentum=0.1, affine=True, track_running_stats=False)
          (nonlin): LeakyReLU(negative_slope=0.01, inplace=True)
          (all_modules): Sequential(
            (0): Conv3d(3, 32, kernel_size=(3, 3, 3), stride=(1, 1, 1), padding=(1, 1, 1))
            (1): InstanceNorm3d(32, eps=1e-05, momentum=0.1, affine=True, track_running_stats=False)
            (2): LeakyReLU(negative_slope=0.01, inplace=True)
          )
        )
      )
    )
    (stages): ModuleList(
      (0): StackedResidualBlocks(
        (blocks): Sequential(
          (0): BasicBlockD(
            (conv1): ConvDropoutNormReLU(
              (conv): Conv3d(32, 32, kernel_size=(3, 3, 3), stride=(1, 1, 1), padding=(1, 1, 1))
              (norm): InstanceNorm3d(32, eps=1e-05, momentum=0.1, affine=True, track_running_stats=False)
              (nonlin): LeakyReLU(negative_slope=0.01, inplace=True)
              (all_modules): Sequential(
                (0): Conv3d(32, 32, kernel_size=(3, 3, 3), stride=(1, 1, 1), padding=(1, 1, 1))
                (1): InstanceNorm3d(32, eps=1e-05, momentum=0.1, affine=True, track_running_stats=False)
                (2): LeakyReLU(negative_slope=0.01, inplace=True)
              )
            )
            (conv2): ConvDropoutNormReLU(
              (conv): Conv3d(32, 32, kernel_size=(3, 3, 3), stride=(1, 1, 1), padding=(1, 1, 1))
              (norm): InstanceNorm3d(32, eps=1e-05, momentum=0.1, affine=True, track_running_stats=False)
              (all_modules): Sequential(
                (0): Conv3d(32, 32, kernel_size=(3, 3, 3), stride=(1, 1, 1), padding=(1, 1, 1))
                (1): InstanceNorm3d(32, eps=1e-05, momentum=0.1, affine=True, track_running_stats=False)
              )
            )
            (nonlin2): LeakyReLU(negative_slope=0.01, inplace=True)
          )
          (1): BasicBlockD(
            (conv1): ConvDropoutNormReLU(
              (conv): Conv3d(32, 32, kernel_size=(3, 3, 3), stride=(1, 1, 1), padding=(1, 1, 1))
              (norm): InstanceNorm3d(32, eps=1e-05, momentum=0.1, affine=True, track_running_stats=False)
              (nonlin): LeakyReLU(negative_slope=0.01, inplace=True)
              (all_modules): Sequential(
                (0): Conv3d(32, 32, kernel_size=(3, 3, 3), stride=(1, 1, 1), padding=(1, 1, 1))
                (1): InstanceNorm3d(32, eps=1e-05, momentum=0.1, affine=True, track_running_stats=False)
                (2): LeakyReLU(negative_slope=0.01, inplace=True)
              )
            )
            (conv2): ConvDropoutNormReLU(
              (conv): Conv3d(32, 32, kernel_size=(3, 3, 3), stride=(1, 1, 1), padding=(1, 1, 1))
              (norm): InstanceNorm3d(32, eps=1e-05, momentum=0.1, affine=True, track_running_stats=False)
              (all_modules): Sequential(
                (0): Conv3d(32, 32, kernel_size=(3, 3, 3), stride=(1, 1, 1), padding=(1, 1, 1))
                (1): InstanceNorm3d(32, eps=1e-05, momentum=0.1, affine=True, track_running_stats=False)
              )
            )
            (nonlin2): LeakyReLU(negative_slope=0.01, inplace=True)
          )
        )
      )
      (1): StackedResidualBlocks(
        (blocks): Sequential(
          (0): BasicBlockD(
            (conv1): ConvDropoutNormReLU(
              (conv): Conv3d(32, 64, kernel_size=(3, 3, 3), stride=(2, 2, 2), padding=(1, 1, 1))
              (norm): InstanceNorm3d(64, eps=1e-05, momentum=0.1, affine=True, track_running_stats=False)
              (nonlin): LeakyReLU(negative_slope=0.01, inplace=True)
              (all_modules): Sequential(
                (0): Conv3d(32, 64, kernel_size=(3, 3, 3), stride=(2, 2, 2), padding=(1, 1, 1))
                (1): InstanceNorm3d(64, eps=1e-05, momentum=0.1, affine=True, track_running_stats=False)
                (2): LeakyReLU(negative_slope=0.01, inplace=True)
              )
            )
            (conv2): ConvDropoutNormReLU(
              (conv): Conv3d(64, 64, kernel_size=(3, 3, 3), stride=(1, 1, 1), padding=(1, 1, 1))
              (norm): InstanceNorm3d(64, eps=1e-05, momentum=0.1, affine=True, track_running_stats=False)
              (all_modules): Sequential(
                (0): Conv3d(64, 64, kernel_size=(3, 3, 3), stride=(1, 1, 1), padding=(1, 1, 1))
                (1): InstanceNorm3d(64, eps=1e-05, momentum=0.1, affine=True, track_running_stats=False)
              )
            )
            (nonlin2): LeakyReLU(negative_slope=0.01, inplace=True)
            (skip): Sequential(
              (0): AvgPool3d(kernel_size=[2, 2, 2], stride=[2, 2, 2], padding=0)
              (1): ConvDropoutNormReLU(
                (conv): Conv3d(32, 64, kernel_size=(1, 1, 1), stride=(1, 1, 1), bias=False)
                (norm): InstanceNorm3d(64, eps=1e-05, momentum=0.1, affine=True, track_running_stats=False)
                (all_modules): Sequential(
                  (0): Conv3d(32, 64, kernel_size=(1, 1, 1), stride=(1, 1, 1), bias=False)
                  (1): InstanceNorm3d(64, eps=1e-05, momentum=0.1, affine=True, track_running_stats=False)
                )
              )
            )
          )
          (1): BasicBlockD(
            (conv1): ConvDropoutNormReLU(
              (conv): Conv3d(64, 64, kernel_size=(3, 3, 3), stride=(1, 1, 1), padding=(1, 1, 1))
              (norm): InstanceNorm3d(64, eps=1e-05, momentum=0.1, affine=True, track_running_stats=False)
              (nonlin): LeakyReLU(negative_slope=0.01, inplace=True)
              (all_modules): Sequential(
                (0): Conv3d(64, 64, kernel_size=(3, 3, 3), stride=(1, 1, 1), padding=(1, 1, 1))
                (1): InstanceNorm3d(64, eps=1e-05, momentum=0.1, affine=True, track_running_stats=False)
                (2): LeakyReLU(negative_slope=0.01, inplace=True)
              )
            )
            (conv2): ConvDropoutNormReLU(
              (conv): Conv3d(64, 64, kernel_size=(3, 3, 3), stride=(1, 1, 1), padding=(1, 1, 1))
              (norm): InstanceNorm3d(64, eps=1e-05, momentum=0.1, affine=True, track_running_stats=False)
              (all_modules): Sequential(
                (0): Conv3d(64, 64, kernel_size=(3, 3, 3), stride=(1, 1, 1), padding=(1, 1, 1))
                (1): InstanceNorm3d(64, eps=1e-05, momentum=0.1, affine=True, track_running_stats=False)
              )
            )
            (nonlin2): LeakyReLU(negative_slope=0.01, inplace=True)
          )
        )
      )
      (2): StackedResidualBlocks(
        (blocks): Sequential(
          (0): BasicBlockD(
            (conv1): ConvDropoutNormReLU(
              (conv): Conv3d(64, 128, kernel_size=(3, 3, 3), stride=(2, 2, 2), padding=(1, 1, 1))
              (norm): InstanceNorm3d(128, eps=1e-05, momentum=0.1, affine=True, track_running_stats=False)
              (nonlin): LeakyReLU(negative_slope=0.01, inplace=True)
              (all_modules): Sequential(
                (0): Conv3d(64, 128, kernel_size=(3, 3, 3), stride=(2, 2, 2), padding=(1, 1, 1))
                (1): InstanceNorm3d(128, eps=1e-05, momentum=0.1, affine=True, track_running_stats=False)
                (2): LeakyReLU(negative_slope=0.01, inplace=True)
              )
            )
            (conv2): ConvDropoutNormReLU(
              (conv): Conv3d(128, 128, kernel_size=(3, 3, 3), stride=(1, 1, 1), padding=(1, 1, 1))
              (norm): InstanceNorm3d(128, eps=1e-05, momentum=0.1, affine=True, track_running_stats=False)
              (all_modules): Sequential(
                (0): Conv3d(128, 128, kernel_size=(3, 3, 3), stride=(1, 1, 1), padding=(1, 1, 1))
                (1): InstanceNorm3d(128, eps=1e-05, momentum=0.1, affine=True, track_running_stats=False)
              )
            )
            (nonlin2): LeakyReLU(negative_slope=0.01, inplace=True)
            (skip): Sequential(
              (0): AvgPool3d(kernel_size=[2, 2, 2], stride=[2, 2, 2], padding=0)
              (1): ConvDropoutNormReLU(
                (conv): Conv3d(64, 128, kernel_size=(1, 1, 1), stride=(1, 1, 1), bias=False)
                (norm): InstanceNorm3d(128, eps=1e-05, momentum=0.1, affine=True, track_running_stats=False)
                (all_modules): Sequential(
                  (0): Conv3d(64, 128, kernel_size=(1, 1, 1), stride=(1, 1, 1), bias=False)
                  (1): InstanceNorm3d(128, eps=1e-05, momentum=0.1, affine=True, track_running_stats=False)
                )
              )
            )
          )
          (1): BasicBlockD(
            (conv1): ConvDropoutNormReLU(
              (conv): Conv3d(128, 128, kernel_size=(3, 3, 3), stride=(1, 1, 1), padding=(1, 1, 1))
              (norm): InstanceNorm3d(128, eps=1e-05, momentum=0.1, affine=True, track_running_stats=False)
              (nonlin): LeakyReLU(negative_slope=0.01, inplace=True)
              (all_modules): Sequential(
                (0): Conv3d(128, 128, kernel_size=(3, 3, 3), stride=(1, 1, 1), padding=(1, 1, 1))
                (1): InstanceNorm3d(128, eps=1e-05, momentum=0.1, affine=True, track_running_stats=False)
                (2): LeakyReLU(negative_slope=0.01, inplace=True)
              )
            )
            (conv2): ConvDropoutNormReLU(
              (conv): Conv3d(128, 128, kernel_size=(3, 3, 3), stride=(1, 1, 1), padding=(1, 1, 1))
              (norm): InstanceNorm3d(128, eps=1e-05, momentum=0.1, affine=True, track_running_stats=False)
              (all_modules): Sequential(
                (0): Conv3d(128, 128, kernel_size=(3, 3, 3), stride=(1, 1, 1), padding=(1, 1, 1))
                (1): InstanceNorm3d(128, eps=1e-05, momentum=0.1, affine=True, track_running_stats=False)
              )
            )
            (nonlin2): LeakyReLU(negative_slope=0.01, inplace=True)
          )
        )
      )
      (3): StackedResidualBlocks(
        (blocks): Sequential(
          (0): BasicBlockD(
            (conv1): ConvDropoutNormReLU(
              (conv): Conv3d(128, 256, kernel_size=(3, 3, 3), stride=(2, 2, 2), padding=(1, 1, 1))
              (norm): InstanceNorm3d(256, eps=1e-05, momentum=0.1, affine=True, track_running_stats=False)
              (nonlin): LeakyReLU(negative_slope=0.01, inplace=True)
              (all_modules): Sequential(
                (0): Conv3d(128, 256, kernel_size=(3, 3, 3), stride=(2, 2, 2), padding=(1, 1, 1))
                (1): InstanceNorm3d(256, eps=1e-05, momentum=0.1, affine=True, track_running_stats=False)
                (2): LeakyReLU(negative_slope=0.01, inplace=True)
              )
            )
            (conv2): ConvDropoutNormReLU(
              (conv): Conv3d(256, 256, kernel_size=(3, 3, 3), stride=(1, 1, 1), padding=(1, 1, 1))
              (norm): InstanceNorm3d(256, eps=1e-05, momentum=0.1, affine=True, track_running_stats=False)
              (all_modules): Sequential(
                (0): Conv3d(256, 256, kernel_size=(3, 3, 3), stride=(1, 1, 1), padding=(1, 1, 1))
                (1): InstanceNorm3d(256, eps=1e-05, momentum=0.1, affine=True, track_running_stats=False)
              )
            )
            (nonlin2): LeakyReLU(negative_slope=0.01, inplace=True)
            (skip): Sequential(
              (0): AvgPool3d(kernel_size=[2, 2, 2], stride=[2, 2, 2], padding=0)
              (1): ConvDropoutNormReLU(
                (conv): Conv3d(128, 256, kernel_size=(1, 1, 1), stride=(1, 1, 1), bias=False)
                (norm): InstanceNorm3d(256, eps=1e-05, momentum=0.1, affine=True, track_running_stats=False)
                (all_modules): Sequential(
                  (0): Conv3d(128, 256, kernel_size=(1, 1, 1), stride=(1, 1, 1), bias=False)
                  (1): InstanceNorm3d(256, eps=1e-05, momentum=0.1, affine=True, track_running_stats=False)
                )
              )
            )
          )
          (1): BasicBlockD(
            (conv1): ConvDropoutNormReLU(
              (conv): Conv3d(256, 256, kernel_size=(3, 3, 3), stride=(1, 1, 1), padding=(1, 1, 1))
              (norm): InstanceNorm3d(256, eps=1e-05, momentum=0.1, affine=True, track_running_stats=False)
              (nonlin): LeakyReLU(negative_slope=0.01, inplace=True)
              (all_modules): Sequential(
                (0): Conv3d(256, 256, kernel_size=(3, 3, 3), stride=(1, 1, 1), padding=(1, 1, 1))
                (1): InstanceNorm3d(256, eps=1e-05, momentum=0.1, affine=True, track_running_stats=False)
                (2): LeakyReLU(negative_slope=0.01, inplace=True)
              )
            )
            (conv2): ConvDropoutNormReLU(
              (conv): Conv3d(256, 256, kernel_size=(3, 3, 3), stride=(1, 1, 1), padding=(1, 1, 1))
              (norm): InstanceNorm3d(256, eps=1e-05, momentum=0.1, affine=True, track_running_stats=False)
              (all_modules): Sequential(
                (0): Conv3d(256, 256, kernel_size=(3, 3, 3), stride=(1, 1, 1), padding=(1, 1, 1))
                (1): InstanceNorm3d(256, eps=1e-05, momentum=0.1, affine=True, track_running_stats=False)
              )
            )
            (nonlin2): LeakyReLU(negative_slope=0.01, inplace=True)
          )
        )
      )
      (4): StackedResidualBlocks(
        (blocks): Sequential(
          (0): BasicBlockD(
            (conv1): ConvDropoutNormReLU(
              (conv): Conv3d(256, 128, kernel_size=(3, 3, 3), stride=(2, 2, 2), padding=(1, 1, 1))
              (norm): InstanceNorm3d(128, eps=1e-05, momentum=0.1, affine=True, track_running_stats=False)
              (nonlin): LeakyReLU(negative_slope=0.01, inplace=True)
              (all_modules): Sequential(
                (0): Conv3d(256, 128, kernel_size=(3, 3, 3), stride=(2, 2, 2), padding=(1, 1, 1))
                (1): InstanceNorm3d(128, eps=1e-05, momentum=0.1, affine=True, track_running_stats=False)
                (2): LeakyReLU(negative_slope=0.01, inplace=True)
              )
            )
            (conv2): ConvDropoutNormReLU(
              (conv): Conv3d(128, 128, kernel_size=(3, 3, 3), stride=(1, 1, 1), padding=(1, 1, 1))
              (norm): InstanceNorm3d(128, eps=1e-05, momentum=0.1, affine=True, track_running_stats=False)
              (all_modules): Sequential(
                (0): Conv3d(128, 128, kernel_size=(3, 3, 3), stride=(1, 1, 1), padding=(1, 1, 1))
                (1): InstanceNorm3d(128, eps=1e-05, momentum=0.1, affine=True, track_running_stats=False)
              )
            )
            (nonlin2): LeakyReLU(negative_slope=0.01, inplace=True)
            (skip): Sequential(
              (0): AvgPool3d(kernel_size=[2, 2, 2], stride=[2, 2, 2], padding=0)
              (1): ConvDropoutNormReLU(
                (conv): Conv3d(256, 128, kernel_size=(1, 1, 1), stride=(1, 1, 1), bias=False)
                (norm): InstanceNorm3d(128, eps=1e-05, momentum=0.1, affine=True, track_running_stats=False)
                (all_modules): Sequential(
                  (0): Conv3d(256, 128, kernel_size=(1, 1, 1), stride=(1, 1, 1), bias=False)
                  (1): InstanceNorm3d(128, eps=1e-05, momentum=0.1, affine=True, track_running_stats=False)
                )
              )
            )
          )
          (1): BasicBlockD(
            (conv1): ConvDropoutNormReLU(
              (conv): Conv3d(128, 128, kernel_size=(3, 3, 3), stride=(1, 1, 1), padding=(1, 1, 1))
              (norm): InstanceNorm3d(128, eps=1e-05, momentum=0.1, affine=True, track_running_stats=False)
              (nonlin): LeakyReLU(negative_slope=0.01, inplace=True)
              (all_modules): Sequential(
                (0): Conv3d(128, 128, kernel_size=(3, 3, 3), stride=(1, 1, 1), padding=(1, 1, 1))
                (1): InstanceNorm3d(128, eps=1e-05, momentum=0.1, affine=True, track_running_stats=False)
                (2): LeakyReLU(negative_slope=0.01, inplace=True)
              )
            )
            (conv2): ConvDropoutNormReLU(
              (conv): Conv3d(128, 128, kernel_size=(3, 3, 3), stride=(1, 1, 1), padding=(1, 1, 1))
              (norm): InstanceNorm3d(128, eps=1e-05, momentum=0.1, affine=True, track_running_stats=False)
              (all_modules): Sequential(
                (0): Conv3d(128, 128, kernel_size=(3, 3, 3), stride=(1, 1, 1), padding=(1, 1, 1))
                (1): InstanceNorm3d(128, eps=1e-05, momentum=0.1, affine=True, track_running_stats=False)
              )
            )
            (nonlin2): LeakyReLU(negative_slope=0.01, inplace=True)
          )
        )
      )
      (5): StackedResidualBlocks(
        (blocks): Sequential(
          (0): BasicBlockD(
            (conv1): ConvDropoutNormReLU(
              (conv): Conv3d(128, 96, kernel_size=(3, 3, 3), stride=(1, 1, 1), padding=(1, 1, 1))
              (norm): InstanceNorm3d(96, eps=1e-05, momentum=0.1, affine=True, track_running_stats=False)
              (nonlin): LeakyReLU(negative_slope=0.01, inplace=True)
              (all_modules): Sequential(
                (0): Conv3d(128, 96, kernel_size=(3, 3, 3), stride=(1, 1, 1), padding=(1, 1, 1))
                (1): InstanceNorm3d(96, eps=1e-05, momentum=0.1, affine=True, track_running_stats=False)
                (2): LeakyReLU(negative_slope=0.01, inplace=True)
              )
            )
            (conv2): ConvDropoutNormReLU(
              (conv): Conv3d(96, 96, kernel_size=(3, 3, 3), stride=(1, 1, 1), padding=(1, 1, 1))
              (norm): InstanceNorm3d(96, eps=1e-05, momentum=0.1, affine=True, track_running_stats=False)
              (all_modules): Sequential(
                (0): Conv3d(96, 96, kernel_size=(3, 3, 3), stride=(1, 1, 1), padding=(1, 1, 1))
                (1): InstanceNorm3d(96, eps=1e-05, momentum=0.1, affine=True, track_running_stats=False)
              )
            )
            (nonlin2): LeakyReLU(negative_slope=0.01, inplace=True)
            (skip): Sequential(
              (0): ConvDropoutNormReLU(
                (conv): Conv3d(128, 96, kernel_size=(1, 1, 1), stride=(1, 1, 1), bias=False)
                (norm): InstanceNorm3d(96, eps=1e-05, momentum=0.1, affine=True, track_running_stats=False)
                (all_modules): Sequential(
                  (0): Conv3d(128, 96, kernel_size=(1, 1, 1), stride=(1, 1, 1), bias=False)
                  (1): InstanceNorm3d(96, eps=1e-05, momentum=0.1, affine=True, track_running_stats=False)
                )
              )
            )
          )
          (1): BasicBlockD(
            (conv1): ConvDropoutNormReLU(
              (conv): Conv3d(96, 96, kernel_size=(3, 3, 3), stride=(1, 1, 1), padding=(1, 1, 1))
              (norm): InstanceNorm3d(96, eps=1e-05, momentum=0.1, affine=True, track_running_stats=False)
              (nonlin): LeakyReLU(negative_slope=0.01, inplace=True)
              (all_modules): Sequential(
                (0): Conv3d(96, 96, kernel_size=(3, 3, 3), stride=(1, 1, 1), padding=(1, 1, 1))
                (1): InstanceNorm3d(96, eps=1e-05, momentum=0.1, affine=True, track_running_stats=False)
                (2): LeakyReLU(negative_slope=0.01, inplace=True)
              )
            )
            (conv2): ConvDropoutNormReLU(
              (conv): Conv3d(96, 96, kernel_size=(3, 3, 3), stride=(1, 1, 1), padding=(1, 1, 1))
              (norm): InstanceNorm3d(96, eps=1e-05, momentum=0.1, affine=True, track_running_stats=False)
              (all_modules): Sequential(
                (0): Conv3d(96, 96, kernel_size=(3, 3, 3), stride=(1, 1, 1), padding=(1, 1, 1))
                (1): InstanceNorm3d(96, eps=1e-05, momentum=0.1, affine=True, track_running_stats=False)
              )
            )
            (nonlin2): LeakyReLU(negative_slope=0.01, inplace=True)
          )
        )
      )
    )
    (mamba_layers): ModuleList(
      (0): MambaLayer(
        (norm): LayerNorm((32,), eps=1e-05, elementwise_affine=True)
        (mamba): Mamba(
          (in_proj): Linear(in_features=32, out_features=128, bias=False)
          (conv1d): Conv1d(64, 64, kernel_size=(4,), stride=(1,), padding=(3,), groups=64)
          (act): SiLU()
          (x_proj): Linear(in_features=64, out_features=34, bias=False)
          (dt_proj): Linear(in_features=2, out_features=64, bias=True)
          (out_proj): Linear(in_features=64, out_features=32, bias=False)
        )
      )
      (1): MambaLayer(
        (norm): LayerNorm((64,), eps=1e-05, elementwise_affine=True)
        (mamba): Mamba(
          (in_proj): Linear(in_features=64, out_features=256, bias=False)
          (conv1d): Conv1d(128, 128, kernel_size=(4,), stride=(1,), padding=(3,), groups=128)
          (act): SiLU()
          (x_proj): Linear(in_features=128, out_features=36, bias=False)
          (dt_proj): Linear(in_features=4, out_features=128, bias=True)
          (out_proj): Linear(in_features=128, out_features=64, bias=False)
        )
      )
      (2): MambaLayer(
        (norm): LayerNorm((128,), eps=1e-05, elementwise_affine=True)
        (mamba): Mamba(
          (in_proj): Linear(in_features=128, out_features=512, bias=False)
          (conv1d): Conv1d(256, 256, kernel_size=(4,), stride=(1,), padding=(3,), groups=256)
          (act): SiLU()
          (x_proj): Linear(in_features=256, out_features=40, bias=False)
          (dt_proj): Linear(in_features=8, out_features=256, bias=True)
          (out_proj): Linear(in_features=256, out_features=128, bias=False)
        )
      )
      (3): MambaLayer(
        (norm): LayerNorm((256,), eps=1e-05, elementwise_affine=True)
        (mamba): Mamba(
          (in_proj): Linear(in_features=256, out_features=1024, bias=False)
          (conv1d): Conv1d(512, 512, kernel_size=(4,), stride=(1,), padding=(3,), groups=512)
          (act): SiLU()
          (x_proj): Linear(in_features=512, out_features=48, bias=False)
          (dt_proj): Linear(in_features=16, out_features=512, bias=True)
          (out_proj): Linear(in_features=512, out_features=256, bias=False)
        )
      )
      (4): MambaLayer(
        (norm): LayerNorm((128,), eps=1e-05, elementwise_affine=True)
        (mamba): Mamba(
          (in_proj): Linear(in_features=128, out_features=512, bias=False)
          (conv1d): Conv1d(256, 256, kernel_size=(4,), stride=(1,), padding=(3,), groups=256)
          (act): SiLU()
          (x_proj): Linear(in_features=256, out_features=40, bias=False)
          (dt_proj): Linear(in_features=8, out_features=256, bias=True)
          (out_proj): Linear(in_features=256, out_features=128, bias=False)
        )
      )
      (5): MambaLayer(
        (norm): LayerNorm((96,), eps=1e-05, elementwise_affine=True)
        (mamba): Mamba(
          (in_proj): Linear(in_features=96, out_features=384, bias=False)
          (conv1d): Conv1d(192, 192, kernel_size=(4,), stride=(1,), padding=(3,), groups=192)
          (act): SiLU()
          (x_proj): Linear(in_features=192, out_features=38, bias=False)
          (dt_proj): Linear(in_features=6, out_features=192, bias=True)
          (out_proj): Linear(in_features=192, out_features=96, bias=False)
        )
      )
    )
  )
  (decoder): UNetResDecoder(
    (encoder): ResidualMambaEncoder(
      (stem): StackedConvBlocks(
        (convs): Sequential(
          (0): ConvDropoutNormReLU(
            (conv): Conv3d(3, 32, kernel_size=(3, 3, 3), stride=(1, 1, 1), padding=(1, 1, 1))
            (norm): InstanceNorm3d(32, eps=1e-05, momentum=0.1, affine=True, track_running_stats=False)
            (nonlin): LeakyReLU(negative_slope=0.01, inplace=True)
            (all_modules): Sequential(
              (0): Conv3d(3, 32, kernel_size=(3, 3, 3), stride=(1, 1, 1), padding=(1, 1, 1))
              (1): InstanceNorm3d(32, eps=1e-05, momentum=0.1, affine=True, track_running_stats=False)
              (2): LeakyReLU(negative_slope=0.01, inplace=True)
            )
          )
        )
      )
      (stages): ModuleList(
        (0): StackedResidualBlocks(
          (blocks): Sequential(
            (0): BasicBlockD(
              (conv1): ConvDropoutNormReLU(
                (conv): Conv3d(32, 32, kernel_size=(3, 3, 3), stride=(1, 1, 1), padding=(1, 1, 1))
                (norm): InstanceNorm3d(32, eps=1e-05, momentum=0.1, affine=True, track_running_stats=False)
                (nonlin): LeakyReLU(negative_slope=0.01, inplace=True)
                (all_modules): Sequential(
                  (0): Conv3d(32, 32, kernel_size=(3, 3, 3), stride=(1, 1, 1), padding=(1, 1, 1))
                  (1): InstanceNorm3d(32, eps=1e-05, momentum=0.1, affine=True, track_running_stats=False)
                  (2): LeakyReLU(negative_slope=0.01, inplace=True)
                )
              )
              (conv2): ConvDropoutNormReLU(
                (conv): Conv3d(32, 32, kernel_size=(3, 3, 3), stride=(1, 1, 1), padding=(1, 1, 1))
                (norm): InstanceNorm3d(32, eps=1e-05, momentum=0.1, affine=True, track_running_stats=False)
                (all_modules): Sequential(
                  (0): Conv3d(32, 32, kernel_size=(3, 3, 3), stride=(1, 1, 1), padding=(1, 1, 1))
                  (1): InstanceNorm3d(32, eps=1e-05, momentum=0.1, affine=True, track_running_stats=False)
                )
              )
              (nonlin2): LeakyReLU(negative_slope=0.01, inplace=True)
            )
            (1): BasicBlockD(
              (conv1): ConvDropoutNormReLU(
                (conv): Conv3d(32, 32, kernel_size=(3, 3, 3), stride=(1, 1, 1), padding=(1, 1, 1))
                (norm): InstanceNorm3d(32, eps=1e-05, momentum=0.1, affine=True, track_running_stats=False)
                (nonlin): LeakyReLU(negative_slope=0.01, inplace=True)
                (all_modules): Sequential(
                  (0): Conv3d(32, 32, kernel_size=(3, 3, 3), stride=(1, 1, 1), padding=(1, 1, 1))
                  (1): InstanceNorm3d(32, eps=1e-05, momentum=0.1, affine=True, track_running_stats=False)
                  (2): LeakyReLU(negative_slope=0.01, inplace=True)
                )
              )
              (conv2): ConvDropoutNormReLU(
                (conv): Conv3d(32, 32, kernel_size=(3, 3, 3), stride=(1, 1, 1), padding=(1, 1, 1))
                (norm): InstanceNorm3d(32, eps=1e-05, momentum=0.1, affine=True, track_running_stats=False)
                (all_modules): Sequential(
                  (0): Conv3d(32, 32, kernel_size=(3, 3, 3), stride=(1, 1, 1), padding=(1, 1, 1))
                  (1): InstanceNorm3d(32, eps=1e-05, momentum=0.1, affine=True, track_running_stats=False)
                )
              )
              (nonlin2): LeakyReLU(negative_slope=0.01, inplace=True)
            )
          )
        )
        (1): StackedResidualBlocks(
          (blocks): Sequential(
            (0): BasicBlockD(
              (conv1): ConvDropoutNormReLU(
                (conv): Conv3d(32, 64, kernel_size=(3, 3, 3), stride=(2, 2, 2), padding=(1, 1, 1))
                (norm): InstanceNorm3d(64, eps=1e-05, momentum=0.1, affine=True, track_running_stats=False)
                (nonlin): LeakyReLU(negative_slope=0.01, inplace=True)
                (all_modules): Sequential(
                  (0): Conv3d(32, 64, kernel_size=(3, 3, 3), stride=(2, 2, 2), padding=(1, 1, 1))
                  (1): InstanceNorm3d(64, eps=1e-05, momentum=0.1, affine=True, track_running_stats=False)
                  (2): LeakyReLU(negative_slope=0.01, inplace=True)
                )
              )
              (conv2): ConvDropoutNormReLU(
                (conv): Conv3d(64, 64, kernel_size=(3, 3, 3), stride=(1, 1, 1), padding=(1, 1, 1))
                (norm): InstanceNorm3d(64, eps=1e-05, momentum=0.1, affine=True, track_running_stats=False)
                (all_modules): Sequential(
                  (0): Conv3d(64, 64, kernel_size=(3, 3, 3), stride=(1, 1, 1), padding=(1, 1, 1))
                  (1): InstanceNorm3d(64, eps=1e-05, momentum=0.1, affine=True, track_running_stats=False)
                )
              )
              (nonlin2): LeakyReLU(negative_slope=0.01, inplace=True)
              (skip): Sequential(
                (0): AvgPool3d(kernel_size=[2, 2, 2], stride=[2, 2, 2], padding=0)
                (1): ConvDropoutNormReLU(
                  (conv): Conv3d(32, 64, kernel_size=(1, 1, 1), stride=(1, 1, 1), bias=False)
                  (norm): InstanceNorm3d(64, eps=1e-05, momentum=0.1, affine=True, track_running_stats=False)
                  (all_modules): Sequential(
                    (0): Conv3d(32, 64, kernel_size=(1, 1, 1), stride=(1, 1, 1), bias=False)
                    (1): InstanceNorm3d(64, eps=1e-05, momentum=0.1, affine=True, track_running_stats=False)
                  )
                )
              )
            )
            (1): BasicBlockD(
              (conv1): ConvDropoutNormReLU(
                (conv): Conv3d(64, 64, kernel_size=(3, 3, 3), stride=(1, 1, 1), padding=(1, 1, 1))
                (norm): InstanceNorm3d(64, eps=1e-05, momentum=0.1, affine=True, track_running_stats=False)
                (nonlin): LeakyReLU(negative_slope=0.01, inplace=True)
                (all_modules): Sequential(
                  (0): Conv3d(64, 64, kernel_size=(3, 3, 3), stride=(1, 1, 1), padding=(1, 1, 1))
                  (1): InstanceNorm3d(64, eps=1e-05, momentum=0.1, affine=True, track_running_stats=False)
                  (2): LeakyReLU(negative_slope=0.01, inplace=True)
                )
              )
              (conv2): ConvDropoutNormReLU(
                (conv): Conv3d(64, 64, kernel_size=(3, 3, 3), stride=(1, 1, 1), padding=(1, 1, 1))
                (norm): InstanceNorm3d(64, eps=1e-05, momentum=0.1, affine=True, track_running_stats=False)
                (all_modules): Sequential(
                  (0): Conv3d(64, 64, kernel_size=(3, 3, 3), stride=(1, 1, 1), padding=(1, 1, 1))
                  (1): InstanceNorm3d(64, eps=1e-05, momentum=0.1, affine=True, track_running_stats=False)
                )
              )
              (nonlin2): LeakyReLU(negative_slope=0.01, inplace=True)
            )
          )
        )
        (2): StackedResidualBlocks(
          (blocks): Sequential(
            (0): BasicBlockD(
              (conv1): ConvDropoutNormReLU(
                (conv): Conv3d(64, 128, kernel_size=(3, 3, 3), stride=(2, 2, 2), padding=(1, 1, 1))
                (norm): InstanceNorm3d(128, eps=1e-05, momentum=0.1, affine=True, track_running_stats=False)
                (nonlin): LeakyReLU(negative_slope=0.01, inplace=True)
                (all_modules): Sequential(
                  (0): Conv3d(64, 128, kernel_size=(3, 3, 3), stride=(2, 2, 2), padding=(1, 1, 1))
                  (1): InstanceNorm3d(128, eps=1e-05, momentum=0.1, affine=True, track_running_stats=False)
                  (2): LeakyReLU(negative_slope=0.01, inplace=True)
                )
              )
              (conv2): ConvDropoutNormReLU(
                (conv): Conv3d(128, 128, kernel_size=(3, 3, 3), stride=(1, 1, 1), padding=(1, 1, 1))
                (norm): InstanceNorm3d(128, eps=1e-05, momentum=0.1, affine=True, track_running_stats=False)
                (all_modules): Sequential(
                  (0): Conv3d(128, 128, kernel_size=(3, 3, 3), stride=(1, 1, 1), padding=(1, 1, 1))
                  (1): InstanceNorm3d(128, eps=1e-05, momentum=0.1, affine=True, track_running_stats=False)
                )
              )
              (nonlin2): LeakyReLU(negative_slope=0.01, inplace=True)
              (skip): Sequential(
                (0): AvgPool3d(kernel_size=[2, 2, 2], stride=[2, 2, 2], padding=0)
                (1): ConvDropoutNormReLU(
                  (conv): Conv3d(64, 128, kernel_size=(1, 1, 1), stride=(1, 1, 1), bias=False)
                  (norm): InstanceNorm3d(128, eps=1e-05, momentum=0.1, affine=True, track_running_stats=False)
                  (all_modules): Sequential(
                    (0): Conv3d(64, 128, kernel_size=(1, 1, 1), stride=(1, 1, 1), bias=False)
                    (1): InstanceNorm3d(128, eps=1e-05, momentum=0.1, affine=True, track_running_stats=False)
                  )
                )
              )
            )
            (1): BasicBlockD(
              (conv1): ConvDropoutNormReLU(
                (conv): Conv3d(128, 128, kernel_size=(3, 3, 3), stride=(1, 1, 1), padding=(1, 1, 1))
                (norm): InstanceNorm3d(128, eps=1e-05, momentum=0.1, affine=True, track_running_stats=False)
                (nonlin): LeakyReLU(negative_slope=0.01, inplace=True)
                (all_modules): Sequential(
                  (0): Conv3d(128, 128, kernel_size=(3, 3, 3), stride=(1, 1, 1), padding=(1, 1, 1))
                  (1): InstanceNorm3d(128, eps=1e-05, momentum=0.1, affine=True, track_running_stats=False)
                  (2): LeakyReLU(negative_slope=0.01, inplace=True)
                )
              )
              (conv2): ConvDropoutNormReLU(
                (conv): Conv3d(128, 128, kernel_size=(3, 3, 3), stride=(1, 1, 1), padding=(1, 1, 1))
                (norm): InstanceNorm3d(128, eps=1e-05, momentum=0.1, affine=True, track_running_stats=False)
                (all_modules): Sequential(
                  (0): Conv3d(128, 128, kernel_size=(3, 3, 3), stride=(1, 1, 1), padding=(1, 1, 1))
                  (1): InstanceNorm3d(128, eps=1e-05, momentum=0.1, affine=True, track_running_stats=False)
                )
              )
              (nonlin2): LeakyReLU(negative_slope=0.01, inplace=True)
            )
          )
        )
        (3): StackedResidualBlocks(
          (blocks): Sequential(
            (0): BasicBlockD(
              (conv1): ConvDropoutNormReLU(
                (conv): Conv3d(128, 256, kernel_size=(3, 3, 3), stride=(2, 2, 2), padding=(1, 1, 1))
                (norm): InstanceNorm3d(256, eps=1e-05, momentum=0.1, affine=True, track_running_stats=False)
                (nonlin): LeakyReLU(negative_slope=0.01, inplace=True)
                (all_modules): Sequential(
                  (0): Conv3d(128, 256, kernel_size=(3, 3, 3), stride=(2, 2, 2), padding=(1, 1, 1))
                  (1): InstanceNorm3d(256, eps=1e-05, momentum=0.1, affine=True, track_running_stats=False)
                  (2): LeakyReLU(negative_slope=0.01, inplace=True)
                )
              )
              (conv2): ConvDropoutNormReLU(
                (conv): Conv3d(256, 256, kernel_size=(3, 3, 3), stride=(1, 1, 1), padding=(1, 1, 1))
                (norm): InstanceNorm3d(256, eps=1e-05, momentum=0.1, affine=True, track_running_stats=False)
                (all_modules): Sequential(
                  (0): Conv3d(256, 256, kernel_size=(3, 3, 3), stride=(1, 1, 1), padding=(1, 1, 1))
                  (1): InstanceNorm3d(256, eps=1e-05, momentum=0.1, affine=True, track_running_stats=False)
                )
              )
              (nonlin2): LeakyReLU(negative_slope=0.01, inplace=True)
              (skip): Sequential(
                (0): AvgPool3d(kernel_size=[2, 2, 2], stride=[2, 2, 2], padding=0)
                (1): ConvDropoutNormReLU(
                  (conv): Conv3d(128, 256, kernel_size=(1, 1, 1), stride=(1, 1, 1), bias=False)
                  (norm): InstanceNorm3d(256, eps=1e-05, momentum=0.1, affine=True, track_running_stats=False)
                  (all_modules): Sequential(
                    (0): Conv3d(128, 256, kernel_size=(1, 1, 1), stride=(1, 1, 1), bias=False)
                    (1): InstanceNorm3d(256, eps=1e-05, momentum=0.1, affine=True, track_running_stats=False)
                  )
                )
              )
            )
            (1): BasicBlockD(
              (conv1): ConvDropoutNormReLU(
                (conv): Conv3d(256, 256, kernel_size=(3, 3, 3), stride=(1, 1, 1), padding=(1, 1, 1))
                (norm): InstanceNorm3d(256, eps=1e-05, momentum=0.1, affine=True, track_running_stats=False)
                (nonlin): LeakyReLU(negative_slope=0.01, inplace=True)
                (all_modules): Sequential(
                  (0): Conv3d(256, 256, kernel_size=(3, 3, 3), stride=(1, 1, 1), padding=(1, 1, 1))
                  (1): InstanceNorm3d(256, eps=1e-05, momentum=0.1, affine=True, track_running_stats=False)
                  (2): LeakyReLU(negative_slope=0.01, inplace=True)
                )
              )
              (conv2): ConvDropoutNormReLU(
                (conv): Conv3d(256, 256, kernel_size=(3, 3, 3), stride=(1, 1, 1), padding=(1, 1, 1))
                (norm): InstanceNorm3d(256, eps=1e-05, momentum=0.1, affine=True, track_running_stats=False)
                (all_modules): Sequential(
                  (0): Conv3d(256, 256, kernel_size=(3, 3, 3), stride=(1, 1, 1), padding=(1, 1, 1))
                  (1): InstanceNorm3d(256, eps=1e-05, momentum=0.1, affine=True, track_running_stats=False)
                )
              )
              (nonlin2): LeakyReLU(negative_slope=0.01, inplace=True)
            )
          )
        )
        (4): StackedResidualBlocks(
          (blocks): Sequential(
            (0): BasicBlockD(
              (conv1): ConvDropoutNormReLU(
                (conv): Conv3d(256, 128, kernel_size=(3, 3, 3), stride=(2, 2, 2), padding=(1, 1, 1))
                (norm): InstanceNorm3d(128, eps=1e-05, momentum=0.1, affine=True, track_running_stats=False)
                (nonlin): LeakyReLU(negative_slope=0.01, inplace=True)
                (all_modules): Sequential(
                  (0): Conv3d(256, 128, kernel_size=(3, 3, 3), stride=(2, 2, 2), padding=(1, 1, 1))
                  (1): InstanceNorm3d(128, eps=1e-05, momentum=0.1, affine=True, track_running_stats=False)
                  (2): LeakyReLU(negative_slope=0.01, inplace=True)
                )
              )
              (conv2): ConvDropoutNormReLU(
                (conv): Conv3d(128, 128, kernel_size=(3, 3, 3), stride=(1, 1, 1), padding=(1, 1, 1))
                (norm): InstanceNorm3d(128, eps=1e-05, momentum=0.1, affine=True, track_running_stats=False)
                (all_modules): Sequential(
                  (0): Conv3d(128, 128, kernel_size=(3, 3, 3), stride=(1, 1, 1), padding=(1, 1, 1))
                  (1): InstanceNorm3d(128, eps=1e-05, momentum=0.1, affine=True, track_running_stats=False)
                )
              )
              (nonlin2): LeakyReLU(negative_slope=0.01, inplace=True)
              (skip): Sequential(
                (0): AvgPool3d(kernel_size=[2, 2, 2], stride=[2, 2, 2], padding=0)
                (1): ConvDropoutNormReLU(
                  (conv): Conv3d(256, 128, kernel_size=(1, 1, 1), stride=(1, 1, 1), bias=False)
                  (norm): InstanceNorm3d(128, eps=1e-05, momentum=0.1, affine=True, track_running_stats=False)
                  (all_modules): Sequential(
                    (0): Conv3d(256, 128, kernel_size=(1, 1, 1), stride=(1, 1, 1), bias=False)
                    (1): InstanceNorm3d(128, eps=1e-05, momentum=0.1, affine=True, track_running_stats=False)
                  )
                )
              )
            )
            (1): BasicBlockD(
              (conv1): ConvDropoutNormReLU(
                (conv): Conv3d(128, 128, kernel_size=(3, 3, 3), stride=(1, 1, 1), padding=(1, 1, 1))
                (norm): InstanceNorm3d(128, eps=1e-05, momentum=0.1, affine=True, track_running_stats=False)
                (nonlin): LeakyReLU(negative_slope=0.01, inplace=True)
                (all_modules): Sequential(
                  (0): Conv3d(128, 128, kernel_size=(3, 3, 3), stride=(1, 1, 1), padding=(1, 1, 1))
                  (1): InstanceNorm3d(128, eps=1e-05, momentum=0.1, affine=True, track_running_stats=False)
                  (2): LeakyReLU(negative_slope=0.01, inplace=True)
                )
              )
              (conv2): ConvDropoutNormReLU(
                (conv): Conv3d(128, 128, kernel_size=(3, 3, 3), stride=(1, 1, 1), padding=(1, 1, 1))
                (norm): InstanceNorm3d(128, eps=1e-05, momentum=0.1, affine=True, track_running_stats=False)
                (all_modules): Sequential(
                  (0): Conv3d(128, 128, kernel_size=(3, 3, 3), stride=(1, 1, 1), padding=(1, 1, 1))
                  (1): InstanceNorm3d(128, eps=1e-05, momentum=0.1, affine=True, track_running_stats=False)
                )
              )
              (nonlin2): LeakyReLU(negative_slope=0.01, inplace=True)
            )
          )
        )
        (5): StackedResidualBlocks(
          (blocks): Sequential(
            (0): BasicBlockD(
              (conv1): ConvDropoutNormReLU(
                (conv): Conv3d(128, 96, kernel_size=(3, 3, 3), stride=(1, 1, 1), padding=(1, 1, 1))
                (norm): InstanceNorm3d(96, eps=1e-05, momentum=0.1, affine=True, track_running_stats=False)
                (nonlin): LeakyReLU(negative_slope=0.01, inplace=True)
                (all_modules): Sequential(
                  (0): Conv3d(128, 96, kernel_size=(3, 3, 3), stride=(1, 1, 1), padding=(1, 1, 1))
                  (1): InstanceNorm3d(96, eps=1e-05, momentum=0.1, affine=True, track_running_stats=False)
                  (2): LeakyReLU(negative_slope=0.01, inplace=True)
                )
              )
              (conv2): ConvDropoutNormReLU(
                (conv): Conv3d(96, 96, kernel_size=(3, 3, 3), stride=(1, 1, 1), padding=(1, 1, 1))
                (norm): InstanceNorm3d(96, eps=1e-05, momentum=0.1, affine=True, track_running_stats=False)
                (all_modules): Sequential(
                  (0): Conv3d(96, 96, kernel_size=(3, 3, 3), stride=(1, 1, 1), padding=(1, 1, 1))
                  (1): InstanceNorm3d(96, eps=1e-05, momentum=0.1, affine=True, track_running_stats=False)
                )
              )
              (nonlin2): LeakyReLU(negative_slope=0.01, inplace=True)
              (skip): Sequential(
                (0): ConvDropoutNormReLU(
                  (conv): Conv3d(128, 96, kernel_size=(1, 1, 1), stride=(1, 1, 1), bias=False)
                  (norm): InstanceNorm3d(96, eps=1e-05, momentum=0.1, affine=True, track_running_stats=False)
                  (all_modules): Sequential(
                    (0): Conv3d(128, 96, kernel_size=(1, 1, 1), stride=(1, 1, 1), bias=False)
                    (1): InstanceNorm3d(96, eps=1e-05, momentum=0.1, affine=True, track_running_stats=False)
                  )
                )
              )
            )
            (1): BasicBlockD(
              (conv1): ConvDropoutNormReLU(
                (conv): Conv3d(96, 96, kernel_size=(3, 3, 3), stride=(1, 1, 1), padding=(1, 1, 1))
                (norm): InstanceNorm3d(96, eps=1e-05, momentum=0.1, affine=True, track_running_stats=False)
                (nonlin): LeakyReLU(negative_slope=0.01, inplace=True)
                (all_modules): Sequential(
                  (0): Conv3d(96, 96, kernel_size=(3, 3, 3), stride=(1, 1, 1), padding=(1, 1, 1))
                  (1): InstanceNorm3d(96, eps=1e-05, momentum=0.1, affine=True, track_running_stats=False)
                  (2): LeakyReLU(negative_slope=0.01, inplace=True)
                )
              )
              (conv2): ConvDropoutNormReLU(
                (conv): Conv3d(96, 96, kernel_size=(3, 3, 3), stride=(1, 1, 1), padding=(1, 1, 1))
                (norm): InstanceNorm3d(96, eps=1e-05, momentum=0.1, affine=True, track_running_stats=False)
                (all_modules): Sequential(
                  (0): Conv3d(96, 96, kernel_size=(3, 3, 3), stride=(1, 1, 1), padding=(1, 1, 1))
                  (1): InstanceNorm3d(96, eps=1e-05, momentum=0.1, affine=True, track_running_stats=False)
                )
              )
              (nonlin2): LeakyReLU(negative_slope=0.01, inplace=True)
            )
          )
        )
      )
      (mamba_layers): ModuleList(
        (0): MambaLayer(
          (norm): LayerNorm((32,), eps=1e-05, elementwise_affine=True)
          (mamba): Mamba(
            (in_proj): Linear(in_features=32, out_features=128, bias=False)
            (conv1d): Conv1d(64, 64, kernel_size=(4,), stride=(1,), padding=(3,), groups=64)
            (act): SiLU()
            (x_proj): Linear(in_features=64, out_features=34, bias=False)
            (dt_proj): Linear(in_features=2, out_features=64, bias=True)
            (out_proj): Linear(in_features=64, out_features=32, bias=False)
          )
        )
        (1): MambaLayer(
          (norm): LayerNorm((64,), eps=1e-05, elementwise_affine=True)
          (mamba): Mamba(
            (in_proj): Linear(in_features=64, out_features=256, bias=False)
            (conv1d): Conv1d(128, 128, kernel_size=(4,), stride=(1,), padding=(3,), groups=128)
            (act): SiLU()
            (x_proj): Linear(in_features=128, out_features=36, bias=False)
            (dt_proj): Linear(in_features=4, out_features=128, bias=True)
            (out_proj): Linear(in_features=128, out_features=64, bias=False)
          )
        )
        (2): MambaLayer(
          (norm): LayerNorm((128,), eps=1e-05, elementwise_affine=True)
          (mamba): Mamba(
            (in_proj): Linear(in_features=128, out_features=512, bias=False)
            (conv1d): Conv1d(256, 256, kernel_size=(4,), stride=(1,), padding=(3,), groups=256)
            (act): SiLU()
            (x_proj): Linear(in_features=256, out_features=40, bias=False)
            (dt_proj): Linear(in_features=8, out_features=256, bias=True)
            (out_proj): Linear(in_features=256, out_features=128, bias=False)
          )
        )
        (3): MambaLayer(
          (norm): LayerNorm((256,), eps=1e-05, elementwise_affine=True)
          (mamba): Mamba(
            (in_proj): Linear(in_features=256, out_features=1024, bias=False)
            (conv1d): Conv1d(512, 512, kernel_size=(4,), stride=(1,), padding=(3,), groups=512)
            (act): SiLU()
            (x_proj): Linear(in_features=512, out_features=48, bias=False)
            (dt_proj): Linear(in_features=16, out_features=512, bias=True)
            (out_proj): Linear(in_features=512, out_features=256, bias=False)
          )
        )
        (4): MambaLayer(
          (norm): LayerNorm((128,), eps=1e-05, elementwise_affine=True)
          (mamba): Mamba(
            (in_proj): Linear(in_features=128, out_features=512, bias=False)
            (conv1d): Conv1d(256, 256, kernel_size=(4,), stride=(1,), padding=(3,), groups=256)
            (act): SiLU()
            (x_proj): Linear(in_features=256, out_features=40, bias=False)
            (dt_proj): Linear(in_features=8, out_features=256, bias=True)
            (out_proj): Linear(in_features=256, out_features=128, bias=False)
          )
        )
        (5): MambaLayer(
          (norm): LayerNorm((96,), eps=1e-05, elementwise_affine=True)
          (mamba): Mamba(
            (in_proj): Linear(in_features=96, out_features=384, bias=False)
            (conv1d): Conv1d(192, 192, kernel_size=(4,), stride=(1,), padding=(3,), groups=192)
            (act): SiLU()
            (x_proj): Linear(in_features=192, out_features=38, bias=False)
            (dt_proj): Linear(in_features=6, out_features=192, bias=True)
            (out_proj): Linear(in_features=192, out_features=96, bias=False)
          )
        )
      )
    )
    (lzz_conv): ModuleList(
      (0-1): 2 x Conv3d(96, 96, kernel_size=(3, 3, 3), stride=(1, 1, 1))
      (2): Conv3d(96, 96, kernel_size=(2, 2, 2), stride=(1, 1, 1))
      (3): Conv3d(96, 96, kernel_size=(1, 1, 1), stride=(1, 1, 1))
    )
  )
)
do_dummy_2d_data_aug: False

Epoch 0
Current learning rate: 0.001
using pin_memory on device 1
using pin_memory on device 0
